2023-03-29 09:17:40.548  INFO 11788 --- [restartedMain] kr.co.kmarket.KmarketSpringApplication   : Starting KmarketSpringApplication using Java 17.0.5 on DESKTOP-8N3GG4O with PID 11788 (C:\Users\java1\Desktop\KmarketSpring\KmarketSpring\bin\main started by java1 in C:\Users\java1\Desktop\KmarketSpring\KmarketSpring)
2023-03-29 09:17:40.553  INFO 11788 --- [restartedMain] kr.co.kmarket.KmarketSpringApplication   : No active profile set, falling back to 1 default profile: "default"
2023-03-29 09:17:40.589  INFO 11788 --- [restartedMain] .e.DevToolsPropertyDefaultsPostProcessor : Devtools property defaults active! Set 'spring.devtools.add-properties' to 'false' to disable
2023-03-29 09:17:40.589  INFO 11788 --- [restartedMain] .e.DevToolsPropertyDefaultsPostProcessor : For additional web related logging consider setting the 'logging.level.web' property to 'DEBUG'
2023-03-29 09:17:41.028  INFO 11788 --- [restartedMain] .s.d.r.c.RepositoryConfigurationDelegate : Bootstrapping Spring Data JPA repositories in DEFAULT mode.
2023-03-29 09:17:41.067  INFO 11788 --- [restartedMain] .s.d.r.c.RepositoryConfigurationDelegate : Finished Spring Data repository scanning in 31 ms. Found 1 JPA repository interfaces.
2023-03-29 09:17:41.155  WARN 11788 --- [restartedMain] o.m.s.mapper.ClassPathMapperScanner      : Skipping MapperFactoryBean with name 'adminDAO' and 'kr.co.kmarket.dao.AdminDAO' mapperInterface. Bean already defined with the same name!
2023-03-29 09:17:41.155  WARN 11788 --- [restartedMain] o.m.s.mapper.ClassPathMapperScanner      : Skipping MapperFactoryBean with name 'csDAO' and 'kr.co.kmarket.dao.CsDAO' mapperInterface. Bean already defined with the same name!
2023-03-29 09:17:41.155  WARN 11788 --- [restartedMain] o.m.s.mapper.ClassPathMapperScanner      : Skipping MapperFactoryBean with name 'memberDAO' and 'kr.co.kmarket.dao.MemberDAO' mapperInterface. Bean already defined with the same name!
2023-03-29 09:17:41.155  WARN 11788 --- [restartedMain] o.m.s.mapper.ClassPathMapperScanner      : Skipping MapperFactoryBean with name 'myPageDAO' and 'kr.co.kmarket.dao.MyPageDAO' mapperInterface. Bean already defined with the same name!
2023-03-29 09:17:41.155  WARN 11788 --- [restartedMain] o.m.s.mapper.ClassPathMapperScanner      : Skipping MapperFactoryBean with name 'popupDAO' and 'kr.co.kmarket.dao.PopupDAO' mapperInterface. Bean already defined with the same name!
2023-03-29 09:17:41.155  WARN 11788 --- [restartedMain] o.m.s.mapper.ClassPathMapperScanner      : Skipping MapperFactoryBean with name 'productDAO' and 'kr.co.kmarket.dao.ProductDAO' mapperInterface. Bean already defined with the same name!
2023-03-29 09:17:41.155  WARN 11788 --- [restartedMain] o.m.s.mapper.ClassPathMapperScanner      : No MyBatis mapper was found in '[kr.co.kmarket.dao]' package. Please check your configuration.
2023-03-29 09:17:41.156  WARN 11788 --- [restartedMain] o.m.s.mapper.ClassPathMapperScanner      : Skipping MapperFactoryBean with name 'adminDAO' and 'kr.co.kmarket.dao.AdminDAO' mapperInterface. Bean already defined with the same name!
2023-03-29 09:17:41.157  WARN 11788 --- [restartedMain] o.m.s.mapper.ClassPathMapperScanner      : Skipping MapperFactoryBean with name 'csDAO' and 'kr.co.kmarket.dao.CsDAO' mapperInterface. Bean already defined with the same name!
2023-03-29 09:17:41.157  WARN 11788 --- [restartedMain] o.m.s.mapper.ClassPathMapperScanner      : Skipping MapperFactoryBean with name 'memberDAO' and 'kr.co.kmarket.dao.MemberDAO' mapperInterface. Bean already defined with the same name!
2023-03-29 09:17:41.157  WARN 11788 --- [restartedMain] o.m.s.mapper.ClassPathMapperScanner      : Skipping MapperFactoryBean with name 'myPageDAO' and 'kr.co.kmarket.dao.MyPageDAO' mapperInterface. Bean already defined with the same name!
2023-03-29 09:17:41.157  WARN 11788 --- [restartedMain] o.m.s.mapper.ClassPathMapperScanner      : Skipping MapperFactoryBean with name 'popupDAO' and 'kr.co.kmarket.dao.PopupDAO' mapperInterface. Bean already defined with the same name!
2023-03-29 09:17:41.157  WARN 11788 --- [restartedMain] o.m.s.mapper.ClassPathMapperScanner      : Skipping MapperFactoryBean with name 'productDAO' and 'kr.co.kmarket.dao.ProductDAO' mapperInterface. Bean already defined with the same name!
2023-03-29 09:17:41.157  WARN 11788 --- [restartedMain] o.m.s.mapper.ClassPathMapperScanner      : No MyBatis mapper was found in '[kr.co.kmarket.dao]' package. Please check your configuration.
2023-03-29 09:17:41.158  WARN 11788 --- [restartedMain] o.m.s.mapper.ClassPathMapperScanner      : Skipping MapperFactoryBean with name 'adminDAO' and 'kr.co.kmarket.dao.AdminDAO' mapperInterface. Bean already defined with the same name!
2023-03-29 09:17:41.158  WARN 11788 --- [restartedMain] o.m.s.mapper.ClassPathMapperScanner      : Skipping MapperFactoryBean with name 'csDAO' and 'kr.co.kmarket.dao.CsDAO' mapperInterface. Bean already defined with the same name!
2023-03-29 09:17:41.158  WARN 11788 --- [restartedMain] o.m.s.mapper.ClassPathMapperScanner      : Skipping MapperFactoryBean with name 'memberDAO' and 'kr.co.kmarket.dao.MemberDAO' mapperInterface. Bean already defined with the same name!
2023-03-29 09:17:41.159  WARN 11788 --- [restartedMain] o.m.s.mapper.ClassPathMapperScanner      : Skipping MapperFactoryBean with name 'myPageDAO' and 'kr.co.kmarket.dao.MyPageDAO' mapperInterface. Bean already defined with the same name!
2023-03-29 09:17:41.159  WARN 11788 --- [restartedMain] o.m.s.mapper.ClassPathMapperScanner      : Skipping MapperFactoryBean with name 'popupDAO' and 'kr.co.kmarket.dao.PopupDAO' mapperInterface. Bean already defined with the same name!
2023-03-29 09:17:41.159  WARN 11788 --- [restartedMain] o.m.s.mapper.ClassPathMapperScanner      : Skipping MapperFactoryBean with name 'productDAO' and 'kr.co.kmarket.dao.ProductDAO' mapperInterface. Bean already defined with the same name!
2023-03-29 09:17:41.159  WARN 11788 --- [restartedMain] o.m.s.mapper.ClassPathMapperScanner      : No MyBatis mapper was found in '[kr.co.kmarket.dao]' package. Please check your configuration.
2023-03-29 09:17:41.508  INFO 11788 --- [restartedMain] o.s.b.w.embedded.tomcat.TomcatWebServer  : Tomcat initialized with port(s): 8080 (http)
2023-03-29 09:17:41.522  INFO 11788 --- [restartedMain] o.apache.catalina.core.StandardService   : Starting service [Tomcat]
2023-03-29 09:17:41.522  INFO 11788 --- [restartedMain] org.apache.catalina.core.StandardEngine  : Starting Servlet engine: [Apache Tomcat/9.0.71]
2023-03-29 09:17:41.580  INFO 11788 --- [restartedMain] o.a.c.c.C.[.[localhost].[/Kmarket]       : Initializing Spring embedded WebApplicationContext
2023-03-29 09:17:41.580  INFO 11788 --- [restartedMain] w.s.c.ServletWebServerApplicationContext : Root WebApplicationContext: initialization completed in 990 ms
2023-03-29 09:17:41.732  INFO 11788 --- [restartedMain] o.hibernate.jpa.internal.util.LogHelper  : HHH000204: Processing PersistenceUnitInfo [name: default]
2023-03-29 09:17:41.784  INFO 11788 --- [restartedMain] org.hibernate.Version                    : HHH000412: Hibernate ORM core version 5.6.14.Final
2023-03-29 09:17:41.914  INFO 11788 --- [restartedMain] o.hibernate.annotations.common.Version   : HCANN000001: Hibernate Commons Annotations {5.1.2.Final}
2023-03-29 09:17:41.996  INFO 11788 --- [restartedMain] com.zaxxer.hikari.HikariDataSource       : HikariPool-1 - Starting...
2023-03-29 09:17:43.133 ERROR 11788 --- [restartedMain] com.zaxxer.hikari.pool.HikariPool        : HikariPool-1 - Exception during pool initialization.

java.sql.SQLException: Access denied for user 'team1_m3'@'61.34.107.92' (using password: YES)
	at com.mysql.cj.jdbc.exceptions.SQLError.createSQLException(SQLError.java:129) ~[mysql-connector-j-8.0.32.jar:8.0.32]
	at com.mysql.cj.jdbc.exceptions.SQLExceptionsMapping.translateException(SQLExceptionsMapping.java:122) ~[mysql-connector-j-8.0.32.jar:8.0.32]
	at com.mysql.cj.jdbc.ConnectionImpl.createNewIO(ConnectionImpl.java:824) ~[mysql-connector-j-8.0.32.jar:8.0.32]
	at com.mysql.cj.jdbc.ConnectionImpl.<init>(ConnectionImpl.java:444) ~[mysql-connector-j-8.0.32.jar:8.0.32]
	at com.mysql.cj.jdbc.ConnectionImpl.getInstance(ConnectionImpl.java:237) ~[mysql-connector-j-8.0.32.jar:8.0.32]
	at com.mysql.cj.jdbc.NonRegisteringDriver.connect(NonRegisteringDriver.java:198) ~[mysql-connector-j-8.0.32.jar:8.0.32]
	at com.zaxxer.hikari.util.DriverDataSource.getConnection(DriverDataSource.java:138) ~[HikariCP-4.0.3.jar:na]
	at com.zaxxer.hikari.pool.PoolBase.newConnection(PoolBase.java:364) ~[HikariCP-4.0.3.jar:na]
	at com.zaxxer.hikari.pool.PoolBase.newPoolEntry(PoolBase.java:206) ~[HikariCP-4.0.3.jar:na]
	at com.zaxxer.hikari.pool.HikariPool.createPoolEntry(HikariPool.java:476) ~[HikariCP-4.0.3.jar:na]
	at com.zaxxer.hikari.pool.HikariPool.checkFailFast(HikariPool.java:561) ~[HikariCP-4.0.3.jar:na]
	at com.zaxxer.hikari.pool.HikariPool.<init>(HikariPool.java:115) ~[HikariCP-4.0.3.jar:na]
	at com.zaxxer.hikari.HikariDataSource.getConnection(HikariDataSource.java:112) ~[HikariCP-4.0.3.jar:na]
	at org.hibernate.engine.jdbc.connections.internal.DatasourceConnectionProviderImpl.getConnection(DatasourceConnectionProviderImpl.java:122) ~[hibernate-core-5.6.14.Final.jar:5.6.14.Final]
	at org.hibernate.engine.jdbc.env.internal.JdbcEnvironmentInitiator$ConnectionProviderJdbcConnectionAccess.obtainConnection(JdbcEnvironmentInitiator.java:181) ~[hibernate-core-5.6.14.Final.jar:5.6.14.Final]
	at org.hibernate.engine.jdbc.env.internal.JdbcEnvironmentInitiator.initiateService(JdbcEnvironmentInitiator.java:68) ~[hibernate-core-5.6.14.Final.jar:5.6.14.Final]
	at org.hibernate.engine.jdbc.env.internal.JdbcEnvironmentInitiator.initiateService(JdbcEnvironmentInitiator.java:35) ~[hibernate-core-5.6.14.Final.jar:5.6.14.Final]
	at org.hibernate.boot.registry.internal.StandardServiceRegistryImpl.initiateService(StandardServiceRegistryImpl.java:101) ~[hibernate-core-5.6.14.Final.jar:5.6.14.Final]
	at org.hibernate.service.internal.AbstractServiceRegistryImpl.createService(AbstractServiceRegistryImpl.java:263) ~[hibernate-core-5.6.14.Final.jar:5.6.14.Final]
	at org.hibernate.service.internal.AbstractServiceRegistryImpl.initializeService(AbstractServiceRegistryImpl.java:237) ~[hibernate-core-5.6.14.Final.jar:5.6.14.Final]
	at org.hibernate.service.internal.AbstractServiceRegistryImpl.getService(AbstractServiceRegistryImpl.java:214) ~[hibernate-core-5.6.14.Final.jar:5.6.14.Final]
	at org.hibernate.id.factory.internal.DefaultIdentifierGeneratorFactory.injectServices(DefaultIdentifierGeneratorFactory.java:175) ~[hibernate-core-5.6.14.Final.jar:5.6.14.Final]
	at org.hibernate.service.internal.AbstractServiceRegistryImpl.injectDependencies(AbstractServiceRegistryImpl.java:286) ~[hibernate-core-5.6.14.Final.jar:5.6.14.Final]
	at org.hibernate.service.internal.AbstractServiceRegistryImpl.initializeService(AbstractServiceRegistryImpl.java:243) ~[hibernate-core-5.6.14.Final.jar:5.6.14.Final]
	at org.hibernate.service.internal.AbstractServiceRegistryImpl.getService(AbstractServiceRegistryImpl.java:214) ~[hibernate-core-5.6.14.Final.jar:5.6.14.Final]
	at org.hibernate.boot.internal.InFlightMetadataCollectorImpl.<init>(InFlightMetadataCollectorImpl.java:173) ~[hibernate-core-5.6.14.Final.jar:5.6.14.Final]
	at org.hibernate.boot.model.process.spi.MetadataBuildingProcess.complete(MetadataBuildingProcess.java:127) ~[hibernate-core-5.6.14.Final.jar:5.6.14.Final]
	at org.hibernate.jpa.boot.internal.EntityManagerFactoryBuilderImpl.metadata(EntityManagerFactoryBuilderImpl.java:1460) ~[hibernate-core-5.6.14.Final.jar:5.6.14.Final]
	at org.hibernate.jpa.boot.internal.EntityManagerFactoryBuilderImpl.build(EntityManagerFactoryBuilderImpl.java:1494) ~[hibernate-core-5.6.14.Final.jar:5.6.14.Final]
	at org.springframework.orm.jpa.vendor.SpringHibernateJpaPersistenceProvider.createContainerEntityManagerFactory(SpringHibernateJpaPersistenceProvider.java:58) ~[spring-orm-5.3.25.jar:5.3.25]
	at org.springframework.orm.jpa.LocalContainerEntityManagerFactoryBean.createNativeEntityManagerFactory(LocalContainerEntityManagerFactoryBean.java:365) ~[spring-orm-5.3.25.jar:5.3.25]
	at org.springframework.orm.jpa.AbstractEntityManagerFactoryBean.buildNativeEntityManagerFactory(AbstractEntityManagerFactoryBean.java:409) ~[spring-orm-5.3.25.jar:5.3.25]
	at org.springframework.orm.jpa.AbstractEntityManagerFactoryBean.afterPropertiesSet(AbstractEntityManagerFactoryBean.java:396) ~[spring-orm-5.3.25.jar:5.3.25]
	at org.springframework.orm.jpa.LocalContainerEntityManagerFactoryBean.afterPropertiesSet(LocalContainerEntityManagerFactoryBean.java:341) ~[spring-orm-5.3.25.jar:5.3.25]
	at org.springframework.beans.factory.support.AbstractAutowireCapableBeanFactory.invokeInitMethods(AbstractAutowireCapableBeanFactory.java:1863) ~[spring-beans-5.3.25.jar:5.3.25]
	at org.springframework.beans.factory.support.AbstractAutowireCapableBeanFactory.initializeBean(AbstractAutowireCapableBeanFactory.java:1800) ~[spring-beans-5.3.25.jar:5.3.25]
	at org.springframework.beans.factory.support.AbstractAutowireCapableBeanFactory.doCreateBean(AbstractAutowireCapableBeanFactory.java:620) ~[spring-beans-5.3.25.jar:5.3.25]
	at org.springframework.beans.factory.support.AbstractAutowireCapableBeanFactory.createBean(AbstractAutowireCapableBeanFactory.java:542) ~[spring-beans-5.3.25.jar:5.3.25]
	at org.springframework.beans.factory.support.AbstractBeanFactory.lambda$doGetBean$0(AbstractBeanFactory.java:335) ~[spring-beans-5.3.25.jar:5.3.25]
	at org.springframework.beans.factory.support.DefaultSingletonBeanRegistry.getSingleton(DefaultSingletonBeanRegistry.java:234) ~[spring-beans-5.3.25.jar:5.3.25]
	at org.springframework.beans.factory.support.AbstractBeanFactory.doGetBean(AbstractBeanFactory.java:333) ~[spring-beans-5.3.25.jar:5.3.25]
	at org.springframework.beans.factory.support.AbstractBeanFactory.getBean(AbstractBeanFactory.java:208) ~[spring-beans-5.3.25.jar:5.3.25]
	at org.springframework.context.support.AbstractApplicationContext.getBean(AbstractApplicationContext.java:1154) ~[spring-context-5.3.25.jar:5.3.25]
	at org.springframework.context.support.AbstractApplicationContext.finishBeanFactoryInitialization(AbstractApplicationContext.java:908) ~[spring-context-5.3.25.jar:5.3.25]
	at org.springframework.context.support.AbstractApplicationContext.refresh(AbstractApplicationContext.java:583) ~[spring-context-5.3.25.jar:5.3.25]
	at org.springframework.boot.web.servlet.context.ServletWebServerApplicationContext.refresh(ServletWebServerApplicationContext.java:147) ~[spring-boot-2.7.8.jar:2.7.8]
	at org.springframework.boot.SpringApplication.refresh(SpringApplication.java:731) ~[spring-boot-2.7.8.jar:2.7.8]
	at org.springframework.boot.SpringApplication.refreshContext(SpringApplication.java:408) ~[spring-boot-2.7.8.jar:2.7.8]
	at org.springframework.boot.SpringApplication.run(SpringApplication.java:307) ~[spring-boot-2.7.8.jar:2.7.8]
	at org.springframework.boot.SpringApplication.run(SpringApplication.java:1303) ~[spring-boot-2.7.8.jar:2.7.8]
	at org.springframework.boot.SpringApplication.run(SpringApplication.java:1292) ~[spring-boot-2.7.8.jar:2.7.8]
	at kr.co.kmarket.KmarketSpringApplication.main(KmarketSpringApplication.java:10) ~[main/:na]
	at java.base/jdk.internal.reflect.NativeMethodAccessorImpl.invoke0(Native Method) ~[na:na]
	at java.base/jdk.internal.reflect.NativeMethodAccessorImpl.invoke(NativeMethodAccessorImpl.java:77) ~[na:na]
	at java.base/jdk.internal.reflect.DelegatingMethodAccessorImpl.invoke(DelegatingMethodAccessorImpl.java:43) ~[na:na]
	at java.base/java.lang.reflect.Method.invoke(Method.java:568) ~[na:na]
	at org.springframework.boot.devtools.restart.RestartLauncher.run(RestartLauncher.java:49) ~[spring-boot-devtools-2.7.8.jar:2.7.8]

2023-03-29 09:17:43.134  WARN 11788 --- [restartedMain] o.h.e.j.e.i.JdbcEnvironmentInitiator     : HHH000342: Could not obtain connection to query metadata

java.sql.SQLException: Access denied for user 'team1_m3'@'61.34.107.92' (using password: YES)
	at com.mysql.cj.jdbc.exceptions.SQLError.createSQLException(SQLError.java:129) ~[mysql-connector-j-8.0.32.jar:8.0.32]
	at com.mysql.cj.jdbc.exceptions.SQLExceptionsMapping.translateException(SQLExceptionsMapping.java:122) ~[mysql-connector-j-8.0.32.jar:8.0.32]
	at com.mysql.cj.jdbc.ConnectionImpl.createNewIO(ConnectionImpl.java:824) ~[mysql-connector-j-8.0.32.jar:8.0.32]
	at com.mysql.cj.jdbc.ConnectionImpl.<init>(ConnectionImpl.java:444) ~[mysql-connector-j-8.0.32.jar:8.0.32]
	at com.mysql.cj.jdbc.ConnectionImpl.getInstance(ConnectionImpl.java:237) ~[mysql-connector-j-8.0.32.jar:8.0.32]
	at com.mysql.cj.jdbc.NonRegisteringDriver.connect(NonRegisteringDriver.java:198) ~[mysql-connector-j-8.0.32.jar:8.0.32]
	at com.zaxxer.hikari.util.DriverDataSource.getConnection(DriverDataSource.java:138) ~[HikariCP-4.0.3.jar:na]
	at com.zaxxer.hikari.pool.PoolBase.newConnection(PoolBase.java:364) ~[HikariCP-4.0.3.jar:na]
	at com.zaxxer.hikari.pool.PoolBase.newPoolEntry(PoolBase.java:206) ~[HikariCP-4.0.3.jar:na]
	at com.zaxxer.hikari.pool.HikariPool.createPoolEntry(HikariPool.java:476) ~[HikariCP-4.0.3.jar:na]
	at com.zaxxer.hikari.pool.HikariPool.checkFailFast(HikariPool.java:561) ~[HikariCP-4.0.3.jar:na]
	at com.zaxxer.hikari.pool.HikariPool.<init>(HikariPool.java:115) ~[HikariCP-4.0.3.jar:na]
	at com.zaxxer.hikari.HikariDataSource.getConnection(HikariDataSource.java:112) ~[HikariCP-4.0.3.jar:na]
	at org.hibernate.engine.jdbc.connections.internal.DatasourceConnectionProviderImpl.getConnection(DatasourceConnectionProviderImpl.java:122) ~[hibernate-core-5.6.14.Final.jar:5.6.14.Final]
	at org.hibernate.engine.jdbc.env.internal.JdbcEnvironmentInitiator$ConnectionProviderJdbcConnectionAccess.obtainConnection(JdbcEnvironmentInitiator.java:181) ~[hibernate-core-5.6.14.Final.jar:5.6.14.Final]
	at org.hibernate.engine.jdbc.env.internal.JdbcEnvironmentInitiator.initiateService(JdbcEnvironmentInitiator.java:68) ~[hibernate-core-5.6.14.Final.jar:5.6.14.Final]
	at org.hibernate.engine.jdbc.env.internal.JdbcEnvironmentInitiator.initiateService(JdbcEnvironmentInitiator.java:35) ~[hibernate-core-5.6.14.Final.jar:5.6.14.Final]
	at org.hibernate.boot.registry.internal.StandardServiceRegistryImpl.initiateService(StandardServiceRegistryImpl.java:101) ~[hibernate-core-5.6.14.Final.jar:5.6.14.Final]
	at org.hibernate.service.internal.AbstractServiceRegistryImpl.createService(AbstractServiceRegistryImpl.java:263) ~[hibernate-core-5.6.14.Final.jar:5.6.14.Final]
	at org.hibernate.service.internal.AbstractServiceRegistryImpl.initializeService(AbstractServiceRegistryImpl.java:237) ~[hibernate-core-5.6.14.Final.jar:5.6.14.Final]
	at org.hibernate.service.internal.AbstractServiceRegistryImpl.getService(AbstractServiceRegistryImpl.java:214) ~[hibernate-core-5.6.14.Final.jar:5.6.14.Final]
	at org.hibernate.id.factory.internal.DefaultIdentifierGeneratorFactory.injectServices(DefaultIdentifierGeneratorFactory.java:175) ~[hibernate-core-5.6.14.Final.jar:5.6.14.Final]
	at org.hibernate.service.internal.AbstractServiceRegistryImpl.injectDependencies(AbstractServiceRegistryImpl.java:286) ~[hibernate-core-5.6.14.Final.jar:5.6.14.Final]
	at org.hibernate.service.internal.AbstractServiceRegistryImpl.initializeService(AbstractServiceRegistryImpl.java:243) ~[hibernate-core-5.6.14.Final.jar:5.6.14.Final]
	at org.hibernate.service.internal.AbstractServiceRegistryImpl.getService(AbstractServiceRegistryImpl.java:214) ~[hibernate-core-5.6.14.Final.jar:5.6.14.Final]
	at org.hibernate.boot.internal.InFlightMetadataCollectorImpl.<init>(InFlightMetadataCollectorImpl.java:173) ~[hibernate-core-5.6.14.Final.jar:5.6.14.Final]
	at org.hibernate.boot.model.process.spi.MetadataBuildingProcess.complete(MetadataBuildingProcess.java:127) ~[hibernate-core-5.6.14.Final.jar:5.6.14.Final]
	at org.hibernate.jpa.boot.internal.EntityManagerFactoryBuilderImpl.metadata(EntityManagerFactoryBuilderImpl.java:1460) ~[hibernate-core-5.6.14.Final.jar:5.6.14.Final]
	at org.hibernate.jpa.boot.internal.EntityManagerFactoryBuilderImpl.build(EntityManagerFactoryBuilderImpl.java:1494) ~[hibernate-core-5.6.14.Final.jar:5.6.14.Final]
	at org.springframework.orm.jpa.vendor.SpringHibernateJpaPersistenceProvider.createContainerEntityManagerFactory(SpringHibernateJpaPersistenceProvider.java:58) ~[spring-orm-5.3.25.jar:5.3.25]
	at org.springframework.orm.jpa.LocalContainerEntityManagerFactoryBean.createNativeEntityManagerFactory(LocalContainerEntityManagerFactoryBean.java:365) ~[spring-orm-5.3.25.jar:5.3.25]
	at org.springframework.orm.jpa.AbstractEntityManagerFactoryBean.buildNativeEntityManagerFactory(AbstractEntityManagerFactoryBean.java:409) ~[spring-orm-5.3.25.jar:5.3.25]
	at org.springframework.orm.jpa.AbstractEntityManagerFactoryBean.afterPropertiesSet(AbstractEntityManagerFactoryBean.java:396) ~[spring-orm-5.3.25.jar:5.3.25]
	at org.springframework.orm.jpa.LocalContainerEntityManagerFactoryBean.afterPropertiesSet(LocalContainerEntityManagerFactoryBean.java:341) ~[spring-orm-5.3.25.jar:5.3.25]
	at org.springframework.beans.factory.support.AbstractAutowireCapableBeanFactory.invokeInitMethods(AbstractAutowireCapableBeanFactory.java:1863) ~[spring-beans-5.3.25.jar:5.3.25]
	at org.springframework.beans.factory.support.AbstractAutowireCapableBeanFactory.initializeBean(AbstractAutowireCapableBeanFactory.java:1800) ~[spring-beans-5.3.25.jar:5.3.25]
	at org.springframework.beans.factory.support.AbstractAutowireCapableBeanFactory.doCreateBean(AbstractAutowireCapableBeanFactory.java:620) ~[spring-beans-5.3.25.jar:5.3.25]
	at org.springframework.beans.factory.support.AbstractAutowireCapableBeanFactory.createBean(AbstractAutowireCapableBeanFactory.java:542) ~[spring-beans-5.3.25.jar:5.3.25]
	at org.springframework.beans.factory.support.AbstractBeanFactory.lambda$doGetBean$0(AbstractBeanFactory.java:335) ~[spring-beans-5.3.25.jar:5.3.25]
	at org.springframework.beans.factory.support.DefaultSingletonBeanRegistry.getSingleton(DefaultSingletonBeanRegistry.java:234) ~[spring-beans-5.3.25.jar:5.3.25]
	at org.springframework.beans.factory.support.AbstractBeanFactory.doGetBean(AbstractBeanFactory.java:333) ~[spring-beans-5.3.25.jar:5.3.25]
	at org.springframework.beans.factory.support.AbstractBeanFactory.getBean(AbstractBeanFactory.java:208) ~[spring-beans-5.3.25.jar:5.3.25]
	at org.springframework.context.support.AbstractApplicationContext.getBean(AbstractApplicationContext.java:1154) ~[spring-context-5.3.25.jar:5.3.25]
	at org.springframework.context.support.AbstractApplicationContext.finishBeanFactoryInitialization(AbstractApplicationContext.java:908) ~[spring-context-5.3.25.jar:5.3.25]
	at org.springframework.context.support.AbstractApplicationContext.refresh(AbstractApplicationContext.java:583) ~[spring-context-5.3.25.jar:5.3.25]
	at org.springframework.boot.web.servlet.context.ServletWebServerApplicationContext.refresh(ServletWebServerApplicationContext.java:147) ~[spring-boot-2.7.8.jar:2.7.8]
	at org.springframework.boot.SpringApplication.refresh(SpringApplication.java:731) ~[spring-boot-2.7.8.jar:2.7.8]
	at org.springframework.boot.SpringApplication.refreshContext(SpringApplication.java:408) ~[spring-boot-2.7.8.jar:2.7.8]
	at org.springframework.boot.SpringApplication.run(SpringApplication.java:307) ~[spring-boot-2.7.8.jar:2.7.8]
	at org.springframework.boot.SpringApplication.run(SpringApplication.java:1303) ~[spring-boot-2.7.8.jar:2.7.8]
	at org.springframework.boot.SpringApplication.run(SpringApplication.java:1292) ~[spring-boot-2.7.8.jar:2.7.8]
	at kr.co.kmarket.KmarketSpringApplication.main(KmarketSpringApplication.java:10) ~[main/:na]
	at java.base/jdk.internal.reflect.NativeMethodAccessorImpl.invoke0(Native Method) ~[na:na]
	at java.base/jdk.internal.reflect.NativeMethodAccessorImpl.invoke(NativeMethodAccessorImpl.java:77) ~[na:na]
	at java.base/jdk.internal.reflect.DelegatingMethodAccessorImpl.invoke(DelegatingMethodAccessorImpl.java:43) ~[na:na]
	at java.base/java.lang.reflect.Method.invoke(Method.java:568) ~[na:na]
	at org.springframework.boot.devtools.restart.RestartLauncher.run(RestartLauncher.java:49) ~[spring-boot-devtools-2.7.8.jar:2.7.8]

2023-03-29 09:17:43.148  INFO 11788 --- [restartedMain] org.hibernate.dialect.Dialect            : HHH000400: Using dialect: org.hibernate.dialect.MySQL5InnoDBDialect
2023-03-29 09:17:43.555  INFO 11788 --- [restartedMain] com.zaxxer.hikari.HikariDataSource       : HikariPool-1 - Starting...
2023-03-29 09:17:44.598 ERROR 11788 --- [restartedMain] com.zaxxer.hikari.pool.HikariPool        : HikariPool-1 - Exception during pool initialization.

java.sql.SQLException: Access denied for user 'team1_m3'@'61.34.107.92' (using password: YES)
	at com.mysql.cj.jdbc.exceptions.SQLError.createSQLException(SQLError.java:129) ~[mysql-connector-j-8.0.32.jar:8.0.32]
	at com.mysql.cj.jdbc.exceptions.SQLExceptionsMapping.translateException(SQLExceptionsMapping.java:122) ~[mysql-connector-j-8.0.32.jar:8.0.32]
	at com.mysql.cj.jdbc.ConnectionImpl.createNewIO(ConnectionImpl.java:824) ~[mysql-connector-j-8.0.32.jar:8.0.32]
	at com.mysql.cj.jdbc.ConnectionImpl.<init>(ConnectionImpl.java:444) ~[mysql-connector-j-8.0.32.jar:8.0.32]
	at com.mysql.cj.jdbc.ConnectionImpl.getInstance(ConnectionImpl.java:237) ~[mysql-connector-j-8.0.32.jar:8.0.32]
	at com.mysql.cj.jdbc.NonRegisteringDriver.connect(NonRegisteringDriver.java:198) ~[mysql-connector-j-8.0.32.jar:8.0.32]
	at com.zaxxer.hikari.util.DriverDataSource.getConnection(DriverDataSource.java:138) ~[HikariCP-4.0.3.jar:na]
	at com.zaxxer.hikari.pool.PoolBase.newConnection(PoolBase.java:364) ~[HikariCP-4.0.3.jar:na]
	at com.zaxxer.hikari.pool.PoolBase.newPoolEntry(PoolBase.java:206) ~[HikariCP-4.0.3.jar:na]
	at com.zaxxer.hikari.pool.HikariPool.createPoolEntry(HikariPool.java:476) ~[HikariCP-4.0.3.jar:na]
	at com.zaxxer.hikari.pool.HikariPool.checkFailFast(HikariPool.java:561) ~[HikariCP-4.0.3.jar:na]
	at com.zaxxer.hikari.pool.HikariPool.<init>(HikariPool.java:115) ~[HikariCP-4.0.3.jar:na]
	at com.zaxxer.hikari.HikariDataSource.getConnection(HikariDataSource.java:112) ~[HikariCP-4.0.3.jar:na]
	at org.hibernate.engine.jdbc.connections.internal.DatasourceConnectionProviderImpl.getConnection(DatasourceConnectionProviderImpl.java:122) ~[hibernate-core-5.6.14.Final.jar:5.6.14.Final]
	at org.hibernate.engine.jdbc.env.internal.JdbcEnvironmentInitiator$ConnectionProviderJdbcConnectionAccess.obtainConnection(JdbcEnvironmentInitiator.java:181) ~[hibernate-core-5.6.14.Final.jar:5.6.14.Final]
	at org.hibernate.resource.transaction.backend.jdbc.internal.DdlTransactionIsolatorNonJtaImpl.getIsolatedConnection(DdlTransactionIsolatorNonJtaImpl.java:44) ~[hibernate-core-5.6.14.Final.jar:5.6.14.Final]
	at org.hibernate.tool.schema.internal.exec.ImprovedExtractionContextImpl.getJdbcConnection(ImprovedExtractionContextImpl.java:63) ~[hibernate-core-5.6.14.Final.jar:5.6.14.Final]
	at org.hibernate.tool.schema.internal.exec.ImprovedExtractionContextImpl.getJdbcDatabaseMetaData(ImprovedExtractionContextImpl.java:70) ~[hibernate-core-5.6.14.Final.jar:5.6.14.Final]
	at org.hibernate.tool.schema.extract.internal.InformationExtractorJdbcDatabaseMetaDataImpl.processTableResultSet(InformationExtractorJdbcDatabaseMetaDataImpl.java:64) ~[hibernate-core-5.6.14.Final.jar:5.6.14.Final]
	at org.hibernate.tool.schema.extract.internal.AbstractInformationExtractorImpl.getTables(AbstractInformationExtractorImpl.java:565) ~[hibernate-core-5.6.14.Final.jar:5.6.14.Final]
	at org.hibernate.tool.schema.extract.internal.DatabaseInformationImpl.getTablesInformation(DatabaseInformationImpl.java:122) ~[hibernate-core-5.6.14.Final.jar:5.6.14.Final]
	at org.hibernate.tool.schema.internal.GroupedSchemaMigratorImpl.performTablesMigration(GroupedSchemaMigratorImpl.java:68) ~[hibernate-core-5.6.14.Final.jar:5.6.14.Final]
	at org.hibernate.tool.schema.internal.AbstractSchemaMigrator.performMigration(AbstractSchemaMigrator.java:220) ~[hibernate-core-5.6.14.Final.jar:5.6.14.Final]
	at org.hibernate.tool.schema.internal.AbstractSchemaMigrator.doMigration(AbstractSchemaMigrator.java:123) ~[hibernate-core-5.6.14.Final.jar:5.6.14.Final]
	at org.hibernate.tool.schema.spi.SchemaManagementToolCoordinator.performDatabaseAction(SchemaManagementToolCoordinator.java:196) ~[hibernate-core-5.6.14.Final.jar:5.6.14.Final]
	at org.hibernate.tool.schema.spi.SchemaManagementToolCoordinator.process(SchemaManagementToolCoordinator.java:85) ~[hibernate-core-5.6.14.Final.jar:5.6.14.Final]
	at org.hibernate.internal.SessionFactoryImpl.<init>(SessionFactoryImpl.java:335) ~[hibernate-core-5.6.14.Final.jar:5.6.14.Final]
	at org.hibernate.boot.internal.SessionFactoryBuilderImpl.build(SessionFactoryBuilderImpl.java:471) ~[hibernate-core-5.6.14.Final.jar:5.6.14.Final]
	at org.hibernate.jpa.boot.internal.EntityManagerFactoryBuilderImpl.build(EntityManagerFactoryBuilderImpl.java:1498) ~[hibernate-core-5.6.14.Final.jar:5.6.14.Final]
	at org.springframework.orm.jpa.vendor.SpringHibernateJpaPersistenceProvider.createContainerEntityManagerFactory(SpringHibernateJpaPersistenceProvider.java:58) ~[spring-orm-5.3.25.jar:5.3.25]
	at org.springframework.orm.jpa.LocalContainerEntityManagerFactoryBean.createNativeEntityManagerFactory(LocalContainerEntityManagerFactoryBean.java:365) ~[spring-orm-5.3.25.jar:5.3.25]
	at org.springframework.orm.jpa.AbstractEntityManagerFactoryBean.buildNativeEntityManagerFactory(AbstractEntityManagerFactoryBean.java:409) ~[spring-orm-5.3.25.jar:5.3.25]
	at org.springframework.orm.jpa.AbstractEntityManagerFactoryBean.afterPropertiesSet(AbstractEntityManagerFactoryBean.java:396) ~[spring-orm-5.3.25.jar:5.3.25]
	at org.springframework.orm.jpa.LocalContainerEntityManagerFactoryBean.afterPropertiesSet(LocalContainerEntityManagerFactoryBean.java:341) ~[spring-orm-5.3.25.jar:5.3.25]
	at org.springframework.beans.factory.support.AbstractAutowireCapableBeanFactory.invokeInitMethods(AbstractAutowireCapableBeanFactory.java:1863) ~[spring-beans-5.3.25.jar:5.3.25]
	at org.springframework.beans.factory.support.AbstractAutowireCapableBeanFactory.initializeBean(AbstractAutowireCapableBeanFactory.java:1800) ~[spring-beans-5.3.25.jar:5.3.25]
	at org.springframework.beans.factory.support.AbstractAutowireCapableBeanFactory.doCreateBean(AbstractAutowireCapableBeanFactory.java:620) ~[spring-beans-5.3.25.jar:5.3.25]
	at org.springframework.beans.factory.support.AbstractAutowireCapableBeanFactory.createBean(AbstractAutowireCapableBeanFactory.java:542) ~[spring-beans-5.3.25.jar:5.3.25]
	at org.springframework.beans.factory.support.AbstractBeanFactory.lambda$doGetBean$0(AbstractBeanFactory.java:335) ~[spring-beans-5.3.25.jar:5.3.25]
	at org.springframework.beans.factory.support.DefaultSingletonBeanRegistry.getSingleton(DefaultSingletonBeanRegistry.java:234) ~[spring-beans-5.3.25.jar:5.3.25]
	at org.springframework.beans.factory.support.AbstractBeanFactory.doGetBean(AbstractBeanFactory.java:333) ~[spring-beans-5.3.25.jar:5.3.25]
	at org.springframework.beans.factory.support.AbstractBeanFactory.getBean(AbstractBeanFactory.java:208) ~[spring-beans-5.3.25.jar:5.3.25]
	at org.springframework.context.support.AbstractApplicationContext.getBean(AbstractApplicationContext.java:1154) ~[spring-context-5.3.25.jar:5.3.25]
	at org.springframework.context.support.AbstractApplicationContext.finishBeanFactoryInitialization(AbstractApplicationContext.java:908) ~[spring-context-5.3.25.jar:5.3.25]
	at org.springframework.context.support.AbstractApplicationContext.refresh(AbstractApplicationContext.java:583) ~[spring-context-5.3.25.jar:5.3.25]
	at org.springframework.boot.web.servlet.context.ServletWebServerApplicationContext.refresh(ServletWebServerApplicationContext.java:147) ~[spring-boot-2.7.8.jar:2.7.8]
	at org.springframework.boot.SpringApplication.refresh(SpringApplication.java:731) ~[spring-boot-2.7.8.jar:2.7.8]
	at org.springframework.boot.SpringApplication.refreshContext(SpringApplication.java:408) ~[spring-boot-2.7.8.jar:2.7.8]
	at org.springframework.boot.SpringApplication.run(SpringApplication.java:307) ~[spring-boot-2.7.8.jar:2.7.8]
	at org.springframework.boot.SpringApplication.run(SpringApplication.java:1303) ~[spring-boot-2.7.8.jar:2.7.8]
	at org.springframework.boot.SpringApplication.run(SpringApplication.java:1292) ~[spring-boot-2.7.8.jar:2.7.8]
	at kr.co.kmarket.KmarketSpringApplication.main(KmarketSpringApplication.java:10) ~[main/:na]
	at java.base/jdk.internal.reflect.NativeMethodAccessorImpl.invoke0(Native Method) ~[na:na]
	at java.base/jdk.internal.reflect.NativeMethodAccessorImpl.invoke(NativeMethodAccessorImpl.java:77) ~[na:na]
	at java.base/jdk.internal.reflect.DelegatingMethodAccessorImpl.invoke(DelegatingMethodAccessorImpl.java:43) ~[na:na]
	at java.base/java.lang.reflect.Method.invoke(Method.java:568) ~[na:na]
	at org.springframework.boot.devtools.restart.RestartLauncher.run(RestartLauncher.java:49) ~[spring-boot-devtools-2.7.8.jar:2.7.8]

2023-03-29 09:17:44.600  WARN 11788 --- [restartedMain] o.h.engine.jdbc.spi.SqlExceptionHelper   : SQL Error: 1045, SQLState: 28000
2023-03-29 09:17:44.600 ERROR 11788 --- [restartedMain] o.h.engine.jdbc.spi.SqlExceptionHelper   : Access denied for user 'team1_m3'@'61.34.107.92' (using password: YES)
2023-03-29 09:17:44.604 ERROR 11788 --- [restartedMain] j.LocalContainerEntityManagerFactoryBean : Failed to initialize JPA EntityManagerFactory: [PersistenceUnit: default] Unable to build Hibernate SessionFactory; nested exception is org.hibernate.exception.GenericJDBCException: Unable to open JDBC Connection for DDL execution
2023-03-29 09:17:44.604  WARN 11788 --- [restartedMain] ConfigServletWebServerApplicationContext : Exception encountered during context initialization - cancelling refresh attempt: org.springframework.beans.factory.BeanCreationException: Error creating bean with name 'entityManagerFactory' defined in class path resource [org/springframework/boot/autoconfigure/orm/jpa/HibernateJpaConfiguration.class]: Invocation of init method failed; nested exception is javax.persistence.PersistenceException: [PersistenceUnit: default] Unable to build Hibernate SessionFactory; nested exception is org.hibernate.exception.GenericJDBCException: Unable to open JDBC Connection for DDL execution
2023-03-29 09:17:44.606  INFO 11788 --- [restartedMain] o.apache.catalina.core.StandardService   : Stopping service [Tomcat]
2023-03-29 09:17:44.614  INFO 11788 --- [restartedMain] ConditionEvaluationReportLoggingListener : 

Error starting ApplicationContext. To display the conditions report re-run your application with 'debug' enabled.
2023-03-29 09:17:44.630 ERROR 11788 --- [restartedMain] o.s.boot.SpringApplication               : Application run failed

org.springframework.beans.factory.BeanCreationException: Error creating bean with name 'entityManagerFactory' defined in class path resource [org/springframework/boot/autoconfigure/orm/jpa/HibernateJpaConfiguration.class]: Invocation of init method failed; nested exception is javax.persistence.PersistenceException: [PersistenceUnit: default] Unable to build Hibernate SessionFactory; nested exception is org.hibernate.exception.GenericJDBCException: Unable to open JDBC Connection for DDL execution
	at org.springframework.beans.factory.support.AbstractAutowireCapableBeanFactory.initializeBean(AbstractAutowireCapableBeanFactory.java:1804) ~[spring-beans-5.3.25.jar:5.3.25]
	at org.springframework.beans.factory.support.AbstractAutowireCapableBeanFactory.doCreateBean(AbstractAutowireCapableBeanFactory.java:620) ~[spring-beans-5.3.25.jar:5.3.25]
	at org.springframework.beans.factory.support.AbstractAutowireCapableBeanFactory.createBean(AbstractAutowireCapableBeanFactory.java:542) ~[spring-beans-5.3.25.jar:5.3.25]
	at org.springframework.beans.factory.support.AbstractBeanFactory.lambda$doGetBean$0(AbstractBeanFactory.java:335) ~[spring-beans-5.3.25.jar:5.3.25]
	at org.springframework.beans.factory.support.DefaultSingletonBeanRegistry.getSingleton(DefaultSingletonBeanRegistry.java:234) ~[spring-beans-5.3.25.jar:5.3.25]
	at org.springframework.beans.factory.support.AbstractBeanFactory.doGetBean(AbstractBeanFactory.java:333) ~[spring-beans-5.3.25.jar:5.3.25]
	at org.springframework.beans.factory.support.AbstractBeanFactory.getBean(AbstractBeanFactory.java:208) ~[spring-beans-5.3.25.jar:5.3.25]
	at org.springframework.context.support.AbstractApplicationContext.getBean(AbstractApplicationContext.java:1154) ~[spring-context-5.3.25.jar:5.3.25]
	at org.springframework.context.support.AbstractApplicationContext.finishBeanFactoryInitialization(AbstractApplicationContext.java:908) ~[spring-context-5.3.25.jar:5.3.25]
	at org.springframework.context.support.AbstractApplicationContext.refresh(AbstractApplicationContext.java:583) ~[spring-context-5.3.25.jar:5.3.25]
	at org.springframework.boot.web.servlet.context.ServletWebServerApplicationContext.refresh(ServletWebServerApplicationContext.java:147) ~[spring-boot-2.7.8.jar:2.7.8]
	at org.springframework.boot.SpringApplication.refresh(SpringApplication.java:731) ~[spring-boot-2.7.8.jar:2.7.8]
	at org.springframework.boot.SpringApplication.refreshContext(SpringApplication.java:408) ~[spring-boot-2.7.8.jar:2.7.8]
	at org.springframework.boot.SpringApplication.run(SpringApplication.java:307) ~[spring-boot-2.7.8.jar:2.7.8]
	at org.springframework.boot.SpringApplication.run(SpringApplication.java:1303) ~[spring-boot-2.7.8.jar:2.7.8]
	at org.springframework.boot.SpringApplication.run(SpringApplication.java:1292) ~[spring-boot-2.7.8.jar:2.7.8]
	at kr.co.kmarket.KmarketSpringApplication.main(KmarketSpringApplication.java:10) ~[main/:na]
	at java.base/jdk.internal.reflect.NativeMethodAccessorImpl.invoke0(Native Method) ~[na:na]
	at java.base/jdk.internal.reflect.NativeMethodAccessorImpl.invoke(NativeMethodAccessorImpl.java:77) ~[na:na]
	at java.base/jdk.internal.reflect.DelegatingMethodAccessorImpl.invoke(DelegatingMethodAccessorImpl.java:43) ~[na:na]
	at java.base/java.lang.reflect.Method.invoke(Method.java:568) ~[na:na]
	at org.springframework.boot.devtools.restart.RestartLauncher.run(RestartLauncher.java:49) ~[spring-boot-devtools-2.7.8.jar:2.7.8]
Caused by: javax.persistence.PersistenceException: [PersistenceUnit: default] Unable to build Hibernate SessionFactory; nested exception is org.hibernate.exception.GenericJDBCException: Unable to open JDBC Connection for DDL execution
	at org.springframework.orm.jpa.AbstractEntityManagerFactoryBean.buildNativeEntityManagerFactory(AbstractEntityManagerFactoryBean.java:421) ~[spring-orm-5.3.25.jar:5.3.25]
	at org.springframework.orm.jpa.AbstractEntityManagerFactoryBean.afterPropertiesSet(AbstractEntityManagerFactoryBean.java:396) ~[spring-orm-5.3.25.jar:5.3.25]
	at org.springframework.orm.jpa.LocalContainerEntityManagerFactoryBean.afterPropertiesSet(LocalContainerEntityManagerFactoryBean.java:341) ~[spring-orm-5.3.25.jar:5.3.25]
	at org.springframework.beans.factory.support.AbstractAutowireCapableBeanFactory.invokeInitMethods(AbstractAutowireCapableBeanFactory.java:1863) ~[spring-beans-5.3.25.jar:5.3.25]
	at org.springframework.beans.factory.support.AbstractAutowireCapableBeanFactory.initializeBean(AbstractAutowireCapableBeanFactory.java:1800) ~[spring-beans-5.3.25.jar:5.3.25]
	... 21 common frames omitted
Caused by: org.hibernate.exception.GenericJDBCException: Unable to open JDBC Connection for DDL execution
	at org.hibernate.exception.internal.StandardSQLExceptionConverter.convert(StandardSQLExceptionConverter.java:42) ~[hibernate-core-5.6.14.Final.jar:5.6.14.Final]
	at org.hibernate.engine.jdbc.spi.SqlExceptionHelper.convert(SqlExceptionHelper.java:113) ~[hibernate-core-5.6.14.Final.jar:5.6.14.Final]
	at org.hibernate.engine.jdbc.spi.SqlExceptionHelper.convert(SqlExceptionHelper.java:99) ~[hibernate-core-5.6.14.Final.jar:5.6.14.Final]
	at org.hibernate.resource.transaction.backend.jdbc.internal.DdlTransactionIsolatorNonJtaImpl.getIsolatedConnection(DdlTransactionIsolatorNonJtaImpl.java:71) ~[hibernate-core-5.6.14.Final.jar:5.6.14.Final]
	at org.hibernate.tool.schema.internal.exec.ImprovedExtractionContextImpl.getJdbcConnection(ImprovedExtractionContextImpl.java:63) ~[hibernate-core-5.6.14.Final.jar:5.6.14.Final]
	at org.hibernate.tool.schema.internal.exec.ImprovedExtractionContextImpl.getJdbcDatabaseMetaData(ImprovedExtractionContextImpl.java:70) ~[hibernate-core-5.6.14.Final.jar:5.6.14.Final]
	at org.hibernate.tool.schema.extract.internal.InformationExtractorJdbcDatabaseMetaDataImpl.processTableResultSet(InformationExtractorJdbcDatabaseMetaDataImpl.java:64) ~[hibernate-core-5.6.14.Final.jar:5.6.14.Final]
	at org.hibernate.tool.schema.extract.internal.AbstractInformationExtractorImpl.getTables(AbstractInformationExtractorImpl.java:565) ~[hibernate-core-5.6.14.Final.jar:5.6.14.Final]
	at org.hibernate.tool.schema.extract.internal.DatabaseInformationImpl.getTablesInformation(DatabaseInformationImpl.java:122) ~[hibernate-core-5.6.14.Final.jar:5.6.14.Final]
	at org.hibernate.tool.schema.internal.GroupedSchemaMigratorImpl.performTablesMigration(GroupedSchemaMigratorImpl.java:68) ~[hibernate-core-5.6.14.Final.jar:5.6.14.Final]
	at org.hibernate.tool.schema.internal.AbstractSchemaMigrator.performMigration(AbstractSchemaMigrator.java:220) ~[hibernate-core-5.6.14.Final.jar:5.6.14.Final]
	at org.hibernate.tool.schema.internal.AbstractSchemaMigrator.doMigration(AbstractSchemaMigrator.java:123) ~[hibernate-core-5.6.14.Final.jar:5.6.14.Final]
	at org.hibernate.tool.schema.spi.SchemaManagementToolCoordinator.performDatabaseAction(SchemaManagementToolCoordinator.java:196) ~[hibernate-core-5.6.14.Final.jar:5.6.14.Final]
	at org.hibernate.tool.schema.spi.SchemaManagementToolCoordinator.process(SchemaManagementToolCoordinator.java:85) ~[hibernate-core-5.6.14.Final.jar:5.6.14.Final]
	at org.hibernate.internal.SessionFactoryImpl.<init>(SessionFactoryImpl.java:335) ~[hibernate-core-5.6.14.Final.jar:5.6.14.Final]
	at org.hibernate.boot.internal.SessionFactoryBuilderImpl.build(SessionFactoryBuilderImpl.java:471) ~[hibernate-core-5.6.14.Final.jar:5.6.14.Final]
	at org.hibernate.jpa.boot.internal.EntityManagerFactoryBuilderImpl.build(EntityManagerFactoryBuilderImpl.java:1498) ~[hibernate-core-5.6.14.Final.jar:5.6.14.Final]
	at org.springframework.orm.jpa.vendor.SpringHibernateJpaPersistenceProvider.createContainerEntityManagerFactory(SpringHibernateJpaPersistenceProvider.java:58) ~[spring-orm-5.3.25.jar:5.3.25]
	at org.springframework.orm.jpa.LocalContainerEntityManagerFactoryBean.createNativeEntityManagerFactory(LocalContainerEntityManagerFactoryBean.java:365) ~[spring-orm-5.3.25.jar:5.3.25]
	at org.springframework.orm.jpa.AbstractEntityManagerFactoryBean.buildNativeEntityManagerFactory(AbstractEntityManagerFactoryBean.java:409) ~[spring-orm-5.3.25.jar:5.3.25]
	... 25 common frames omitted
Caused by: java.sql.SQLException: Access denied for user 'team1_m3'@'61.34.107.92' (using password: YES)
	at com.mysql.cj.jdbc.exceptions.SQLError.createSQLException(SQLError.java:129) ~[mysql-connector-j-8.0.32.jar:8.0.32]
	at com.mysql.cj.jdbc.exceptions.SQLExceptionsMapping.translateException(SQLExceptionsMapping.java:122) ~[mysql-connector-j-8.0.32.jar:8.0.32]
	at com.mysql.cj.jdbc.ConnectionImpl.createNewIO(ConnectionImpl.java:824) ~[mysql-connector-j-8.0.32.jar:8.0.32]
	at com.mysql.cj.jdbc.ConnectionImpl.<init>(ConnectionImpl.java:444) ~[mysql-connector-j-8.0.32.jar:8.0.32]
	at com.mysql.cj.jdbc.ConnectionImpl.getInstance(ConnectionImpl.java:237) ~[mysql-connector-j-8.0.32.jar:8.0.32]
	at com.mysql.cj.jdbc.NonRegisteringDriver.connect(NonRegisteringDriver.java:198) ~[mysql-connector-j-8.0.32.jar:8.0.32]
	at com.zaxxer.hikari.util.DriverDataSource.getConnection(DriverDataSource.java:138) ~[HikariCP-4.0.3.jar:na]
	at com.zaxxer.hikari.pool.PoolBase.newConnection(PoolBase.java:364) ~[HikariCP-4.0.3.jar:na]
	at com.zaxxer.hikari.pool.PoolBase.newPoolEntry(PoolBase.java:206) ~[HikariCP-4.0.3.jar:na]
	at com.zaxxer.hikari.pool.HikariPool.createPoolEntry(HikariPool.java:476) ~[HikariCP-4.0.3.jar:na]
	at com.zaxxer.hikari.pool.HikariPool.checkFailFast(HikariPool.java:561) ~[HikariCP-4.0.3.jar:na]
	at com.zaxxer.hikari.pool.HikariPool.<init>(HikariPool.java:115) ~[HikariCP-4.0.3.jar:na]
	at com.zaxxer.hikari.HikariDataSource.getConnection(HikariDataSource.java:112) ~[HikariCP-4.0.3.jar:na]
	at org.hibernate.engine.jdbc.connections.internal.DatasourceConnectionProviderImpl.getConnection(DatasourceConnectionProviderImpl.java:122) ~[hibernate-core-5.6.14.Final.jar:5.6.14.Final]
	at org.hibernate.engine.jdbc.env.internal.JdbcEnvironmentInitiator$ConnectionProviderJdbcConnectionAccess.obtainConnection(JdbcEnvironmentInitiator.java:181) ~[hibernate-core-5.6.14.Final.jar:5.6.14.Final]
	at org.hibernate.resource.transaction.backend.jdbc.internal.DdlTransactionIsolatorNonJtaImpl.getIsolatedConnection(DdlTransactionIsolatorNonJtaImpl.java:44) ~[hibernate-core-5.6.14.Final.jar:5.6.14.Final]
	... 41 common frames omitted

2023-03-29 09:19:21.964  INFO 7080 --- [restartedMain] kr.co.kmarket.KmarketSpringApplication   : Starting KmarketSpringApplication using Java 17.0.5 on DESKTOP-8N3GG4O with PID 7080 (C:\Users\java1\Desktop\KmarketSpring\KmarketSpring\bin\main started by java1 in C:\Users\java1\Desktop\KmarketSpring\KmarketSpring)
2023-03-29 09:19:21.965  INFO 7080 --- [restartedMain] kr.co.kmarket.KmarketSpringApplication   : No active profile set, falling back to 1 default profile: "default"
2023-03-29 09:19:21.998  INFO 7080 --- [restartedMain] .e.DevToolsPropertyDefaultsPostProcessor : Devtools property defaults active! Set 'spring.devtools.add-properties' to 'false' to disable
2023-03-29 09:19:21.998  INFO 7080 --- [restartedMain] .e.DevToolsPropertyDefaultsPostProcessor : For additional web related logging consider setting the 'logging.level.web' property to 'DEBUG'
2023-03-29 09:19:22.388  INFO 7080 --- [restartedMain] .s.d.r.c.RepositoryConfigurationDelegate : Bootstrapping Spring Data JPA repositories in DEFAULT mode.
2023-03-29 09:19:22.425  INFO 7080 --- [restartedMain] .s.d.r.c.RepositoryConfigurationDelegate : Finished Spring Data repository scanning in 30 ms. Found 1 JPA repository interfaces.
2023-03-29 09:19:22.505  WARN 7080 --- [restartedMain] o.m.s.mapper.ClassPathMapperScanner      : Skipping MapperFactoryBean with name 'adminDAO' and 'kr.co.kmarket.dao.AdminDAO' mapperInterface. Bean already defined with the same name!
2023-03-29 09:19:22.505  WARN 7080 --- [restartedMain] o.m.s.mapper.ClassPathMapperScanner      : Skipping MapperFactoryBean with name 'csDAO' and 'kr.co.kmarket.dao.CsDAO' mapperInterface. Bean already defined with the same name!
2023-03-29 09:19:22.505  WARN 7080 --- [restartedMain] o.m.s.mapper.ClassPathMapperScanner      : Skipping MapperFactoryBean with name 'memberDAO' and 'kr.co.kmarket.dao.MemberDAO' mapperInterface. Bean already defined with the same name!
2023-03-29 09:19:22.505  WARN 7080 --- [restartedMain] o.m.s.mapper.ClassPathMapperScanner      : Skipping MapperFactoryBean with name 'myPageDAO' and 'kr.co.kmarket.dao.MyPageDAO' mapperInterface. Bean already defined with the same name!
2023-03-29 09:19:22.505  WARN 7080 --- [restartedMain] o.m.s.mapper.ClassPathMapperScanner      : Skipping MapperFactoryBean with name 'popupDAO' and 'kr.co.kmarket.dao.PopupDAO' mapperInterface. Bean already defined with the same name!
2023-03-29 09:19:22.505  WARN 7080 --- [restartedMain] o.m.s.mapper.ClassPathMapperScanner      : Skipping MapperFactoryBean with name 'productDAO' and 'kr.co.kmarket.dao.ProductDAO' mapperInterface. Bean already defined with the same name!
2023-03-29 09:19:22.505  WARN 7080 --- [restartedMain] o.m.s.mapper.ClassPathMapperScanner      : No MyBatis mapper was found in '[kr.co.kmarket.dao]' package. Please check your configuration.
2023-03-29 09:19:22.507  WARN 7080 --- [restartedMain] o.m.s.mapper.ClassPathMapperScanner      : Skipping MapperFactoryBean with name 'adminDAO' and 'kr.co.kmarket.dao.AdminDAO' mapperInterface. Bean already defined with the same name!
2023-03-29 09:19:22.507  WARN 7080 --- [restartedMain] o.m.s.mapper.ClassPathMapperScanner      : Skipping MapperFactoryBean with name 'csDAO' and 'kr.co.kmarket.dao.CsDAO' mapperInterface. Bean already defined with the same name!
2023-03-29 09:19:22.507  WARN 7080 --- [restartedMain] o.m.s.mapper.ClassPathMapperScanner      : Skipping MapperFactoryBean with name 'memberDAO' and 'kr.co.kmarket.dao.MemberDAO' mapperInterface. Bean already defined with the same name!
2023-03-29 09:19:22.507  WARN 7080 --- [restartedMain] o.m.s.mapper.ClassPathMapperScanner      : Skipping MapperFactoryBean with name 'myPageDAO' and 'kr.co.kmarket.dao.MyPageDAO' mapperInterface. Bean already defined with the same name!
2023-03-29 09:19:22.507  WARN 7080 --- [restartedMain] o.m.s.mapper.ClassPathMapperScanner      : Skipping MapperFactoryBean with name 'popupDAO' and 'kr.co.kmarket.dao.PopupDAO' mapperInterface. Bean already defined with the same name!
2023-03-29 09:19:22.507  WARN 7080 --- [restartedMain] o.m.s.mapper.ClassPathMapperScanner      : Skipping MapperFactoryBean with name 'productDAO' and 'kr.co.kmarket.dao.ProductDAO' mapperInterface. Bean already defined with the same name!
2023-03-29 09:19:22.507  WARN 7080 --- [restartedMain] o.m.s.mapper.ClassPathMapperScanner      : No MyBatis mapper was found in '[kr.co.kmarket.dao]' package. Please check your configuration.
2023-03-29 09:19:22.509  WARN 7080 --- [restartedMain] o.m.s.mapper.ClassPathMapperScanner      : Skipping MapperFactoryBean with name 'adminDAO' and 'kr.co.kmarket.dao.AdminDAO' mapperInterface. Bean already defined with the same name!
2023-03-29 09:19:22.509  WARN 7080 --- [restartedMain] o.m.s.mapper.ClassPathMapperScanner      : Skipping MapperFactoryBean with name 'csDAO' and 'kr.co.kmarket.dao.CsDAO' mapperInterface. Bean already defined with the same name!
2023-03-29 09:19:22.509  WARN 7080 --- [restartedMain] o.m.s.mapper.ClassPathMapperScanner      : Skipping MapperFactoryBean with name 'memberDAO' and 'kr.co.kmarket.dao.MemberDAO' mapperInterface. Bean already defined with the same name!
2023-03-29 09:19:22.509  WARN 7080 --- [restartedMain] o.m.s.mapper.ClassPathMapperScanner      : Skipping MapperFactoryBean with name 'myPageDAO' and 'kr.co.kmarket.dao.MyPageDAO' mapperInterface. Bean already defined with the same name!
2023-03-29 09:19:22.509  WARN 7080 --- [restartedMain] o.m.s.mapper.ClassPathMapperScanner      : Skipping MapperFactoryBean with name 'popupDAO' and 'kr.co.kmarket.dao.PopupDAO' mapperInterface. Bean already defined with the same name!
2023-03-29 09:19:22.509  WARN 7080 --- [restartedMain] o.m.s.mapper.ClassPathMapperScanner      : Skipping MapperFactoryBean with name 'productDAO' and 'kr.co.kmarket.dao.ProductDAO' mapperInterface. Bean already defined with the same name!
2023-03-29 09:19:22.509  WARN 7080 --- [restartedMain] o.m.s.mapper.ClassPathMapperScanner      : No MyBatis mapper was found in '[kr.co.kmarket.dao]' package. Please check your configuration.
2023-03-29 09:19:22.818  INFO 7080 --- [restartedMain] o.s.b.w.embedded.tomcat.TomcatWebServer  : Tomcat initialized with port(s): 8080 (http)
2023-03-29 09:19:22.825  INFO 7080 --- [restartedMain] o.apache.catalina.core.StandardService   : Starting service [Tomcat]
2023-03-29 09:19:22.825  INFO 7080 --- [restartedMain] org.apache.catalina.core.StandardEngine  : Starting Servlet engine: [Apache Tomcat/9.0.71]
2023-03-29 09:19:22.881  INFO 7080 --- [restartedMain] o.a.c.c.C.[.[localhost].[/Kmarket]       : Initializing Spring embedded WebApplicationContext
2023-03-29 09:19:22.881  INFO 7080 --- [restartedMain] w.s.c.ServletWebServerApplicationContext : Root WebApplicationContext: initialization completed in 882 ms
2023-03-29 09:19:22.997  INFO 7080 --- [restartedMain] o.hibernate.jpa.internal.util.LogHelper  : HHH000204: Processing PersistenceUnitInfo [name: default]
2023-03-29 09:19:23.027  INFO 7080 --- [restartedMain] org.hibernate.Version                    : HHH000412: Hibernate ORM core version 5.6.14.Final
2023-03-29 09:19:23.129  INFO 7080 --- [restartedMain] o.hibernate.annotations.common.Version   : HCANN000001: Hibernate Commons Annotations {5.1.2.Final}
2023-03-29 09:19:23.189  INFO 7080 --- [restartedMain] com.zaxxer.hikari.HikariDataSource       : HikariPool-1 - Starting...
2023-03-29 09:19:23.366  INFO 7080 --- [restartedMain] com.zaxxer.hikari.HikariDataSource       : HikariPool-1 - Start completed.
2023-03-29 09:19:23.375  INFO 7080 --- [restartedMain] org.hibernate.dialect.Dialect            : HHH000400: Using dialect: org.hibernate.dialect.MySQL5InnoDBDialect
2023-03-29 09:19:23.920  INFO 7080 --- [restartedMain] o.h.e.t.j.p.i.JtaPlatformInitiator       : HHH000490: Using JtaPlatform implementation: [org.hibernate.engine.transaction.jta.platform.internal.NoJtaPlatform]
2023-03-29 09:19:23.927  INFO 7080 --- [restartedMain] j.LocalContainerEntityManagerFactoryBean : Initialized JPA EntityManagerFactory for persistence unit 'default'
2023-03-29 09:19:23.962  WARN 7080 --- [restartedMain] JpaBaseConfiguration$JpaWebConfiguration : spring.jpa.open-in-view is enabled by default. Therefore, database queries may be performed during view rendering. Explicitly configure spring.jpa.open-in-view to disable this warning
2023-03-29 09:19:24.442  INFO 7080 --- [restartedMain] o.s.s.web.DefaultSecurityFilterChain     : Will secure any request with [org.springframework.security.web.session.DisableEncodeUrlFilter@3cd3d75d, org.springframework.security.web.context.request.async.WebAsyncManagerIntegrationFilter@4197e8fa, org.springframework.security.web.context.SecurityContextPersistenceFilter@60706076, org.springframework.security.web.header.HeaderWriterFilter@7482aa1f, org.springframework.security.web.authentication.logout.LogoutFilter@19f37aae, org.springframework.security.web.authentication.UsernamePasswordAuthenticationFilter@3ca1f8b4, org.springframework.security.web.savedrequest.RequestCacheAwareFilter@3fea400f, org.springframework.security.web.servletapi.SecurityContextHolderAwareRequestFilter@2f95266b, org.springframework.security.web.authentication.AnonymousAuthenticationFilter@66fdf7a6, org.springframework.security.web.session.SessionManagementFilter@4e13de13, org.springframework.security.web.access.ExceptionTranslationFilter@77d11209, org.springframework.security.web.access.intercept.FilterSecurityInterceptor@6bf8d6da]
2023-03-29 09:19:24.537  INFO 7080 --- [restartedMain] o.s.b.a.w.s.WelcomePageHandlerMapping    : Adding welcome page template: index
2023-03-29 09:19:24.686  INFO 7080 --- [restartedMain] o.s.b.d.a.OptionalLiveReloadServer       : LiveReload server is running on port 35729
2023-03-29 09:19:24.716  INFO 7080 --- [restartedMain] o.s.b.w.embedded.tomcat.TomcatWebServer  : Tomcat started on port(s): 8080 (http) with context path '/Kmarket'
2023-03-29 09:19:24.723  INFO 7080 --- [restartedMain] kr.co.kmarket.KmarketSpringApplication   : Started KmarketSpringApplication in 3.006 seconds (JVM running for 3.492)
2023-03-29 09:33:19.729  INFO 7080 --- [RMI TCP Connection(24)-127.0.0.1] inMXBeanRegistrar$SpringApplicationAdmin : Application shutdown requested.
2023-03-29 09:33:19.736  INFO 7080 --- [RMI TCP Connection(24)-127.0.0.1] o.apache.catalina.core.StandardService   : Stopping service [Tomcat]
2023-03-29 09:33:19.743  INFO 7080 --- [RMI TCP Connection(24)-127.0.0.1] j.LocalContainerEntityManagerFactoryBean : Closing JPA EntityManagerFactory for persistence unit 'default'
2023-03-29 09:33:19.746  INFO 7080 --- [RMI TCP Connection(24)-127.0.0.1] com.zaxxer.hikari.HikariDataSource       : HikariPool-1 - Shutdown initiated...
2023-03-29 09:33:19.750  INFO 7080 --- [RMI TCP Connection(24)-127.0.0.1] com.zaxxer.hikari.HikariDataSource       : HikariPool-1 - Shutdown completed.
2023-03-29 09:45:33.124  WARN 9320 --- [Test worker] ory$DuplicateJsonObjectContextCustomizer : 

Found multiple occurrences of org.json.JSONObject on the class path:

	jar:file:/C:/Users/java1/.gradle/caches/modules-2/files-2.1/org.json/json/20171018/36ced462c97f0845b4a7b266a25cebe95d18baa3/json-20171018.jar!/org/json/JSONObject.class
	jar:file:/C:/Users/java1/.gradle/caches/modules-2/files-2.1/com.vaadin.external.google/android-json/0.0.20131108.vaadin1/fa26d351fe62a6a17f5cda1287c1c6110dec413f/android-json-0.0.20131108.vaadin1.jar!/org/json/JSONObject.class

You may wish to exclude one of them to ensure predictable runtime behavior

2023-03-29 09:45:33.132  INFO 9320 --- [Test worker] k.c.k.KmarketSpringApplicationTests      : Starting KmarketSpringApplicationTests using Java 17.0.4 on DESKTOP-8N3GG4O with PID 9320 (started by java1 in C:\Users\java1\Desktop\KmarketSpring\KmarketSpring)
2023-03-29 09:45:33.133  INFO 9320 --- [Test worker] k.c.k.KmarketSpringApplicationTests      : No active profile set, falling back to 1 default profile: "default"
2023-03-29 09:45:33.643  INFO 9320 --- [Test worker] .s.d.r.c.RepositoryConfigurationDelegate : Bootstrapping Spring Data JPA repositories in DEFAULT mode.
2023-03-29 09:45:33.690  INFO 9320 --- [Test worker] .s.d.r.c.RepositoryConfigurationDelegate : Finished Spring Data repository scanning in 40 ms. Found 1 JPA repository interfaces.
2023-03-29 09:45:33.788  WARN 9320 --- [Test worker] o.m.s.mapper.ClassPathMapperScanner      : Skipping MapperFactoryBean with name 'adminDAO' and 'kr.co.kmarket.dao.AdminDAO' mapperInterface. Bean already defined with the same name!
2023-03-29 09:45:33.789  WARN 9320 --- [Test worker] o.m.s.mapper.ClassPathMapperScanner      : Skipping MapperFactoryBean with name 'csDAO' and 'kr.co.kmarket.dao.CsDAO' mapperInterface. Bean already defined with the same name!
2023-03-29 09:45:33.789  WARN 9320 --- [Test worker] o.m.s.mapper.ClassPathMapperScanner      : Skipping MapperFactoryBean with name 'memberDAO' and 'kr.co.kmarket.dao.MemberDAO' mapperInterface. Bean already defined with the same name!
2023-03-29 09:45:33.789  WARN 9320 --- [Test worker] o.m.s.mapper.ClassPathMapperScanner      : Skipping MapperFactoryBean with name 'myPageDAO' and 'kr.co.kmarket.dao.MyPageDAO' mapperInterface. Bean already defined with the same name!
2023-03-29 09:45:33.789  WARN 9320 --- [Test worker] o.m.s.mapper.ClassPathMapperScanner      : Skipping MapperFactoryBean with name 'popupDAO' and 'kr.co.kmarket.dao.PopupDAO' mapperInterface. Bean already defined with the same name!
2023-03-29 09:45:33.789  WARN 9320 --- [Test worker] o.m.s.mapper.ClassPathMapperScanner      : Skipping MapperFactoryBean with name 'productDAO' and 'kr.co.kmarket.dao.ProductDAO' mapperInterface. Bean already defined with the same name!
2023-03-29 09:45:33.789  WARN 9320 --- [Test worker] o.m.s.mapper.ClassPathMapperScanner      : No MyBatis mapper was found in '[kr.co.kmarket.dao]' package. Please check your configuration.
2023-03-29 09:45:33.791  WARN 9320 --- [Test worker] o.m.s.mapper.ClassPathMapperScanner      : Skipping MapperFactoryBean with name 'adminDAO' and 'kr.co.kmarket.dao.AdminDAO' mapperInterface. Bean already defined with the same name!
2023-03-29 09:45:33.791  WARN 9320 --- [Test worker] o.m.s.mapper.ClassPathMapperScanner      : Skipping MapperFactoryBean with name 'csDAO' and 'kr.co.kmarket.dao.CsDAO' mapperInterface. Bean already defined with the same name!
2023-03-29 09:45:33.791  WARN 9320 --- [Test worker] o.m.s.mapper.ClassPathMapperScanner      : Skipping MapperFactoryBean with name 'memberDAO' and 'kr.co.kmarket.dao.MemberDAO' mapperInterface. Bean already defined with the same name!
2023-03-29 09:45:33.791  WARN 9320 --- [Test worker] o.m.s.mapper.ClassPathMapperScanner      : Skipping MapperFactoryBean with name 'myPageDAO' and 'kr.co.kmarket.dao.MyPageDAO' mapperInterface. Bean already defined with the same name!
2023-03-29 09:45:33.791  WARN 9320 --- [Test worker] o.m.s.mapper.ClassPathMapperScanner      : Skipping MapperFactoryBean with name 'popupDAO' and 'kr.co.kmarket.dao.PopupDAO' mapperInterface. Bean already defined with the same name!
2023-03-29 09:45:33.791  WARN 9320 --- [Test worker] o.m.s.mapper.ClassPathMapperScanner      : Skipping MapperFactoryBean with name 'productDAO' and 'kr.co.kmarket.dao.ProductDAO' mapperInterface. Bean already defined with the same name!
2023-03-29 09:45:33.791  WARN 9320 --- [Test worker] o.m.s.mapper.ClassPathMapperScanner      : No MyBatis mapper was found in '[kr.co.kmarket.dao]' package. Please check your configuration.
2023-03-29 09:45:33.793  WARN 9320 --- [Test worker] o.m.s.mapper.ClassPathMapperScanner      : Skipping MapperFactoryBean with name 'adminDAO' and 'kr.co.kmarket.dao.AdminDAO' mapperInterface. Bean already defined with the same name!
2023-03-29 09:45:33.793  WARN 9320 --- [Test worker] o.m.s.mapper.ClassPathMapperScanner      : Skipping MapperFactoryBean with name 'csDAO' and 'kr.co.kmarket.dao.CsDAO' mapperInterface. Bean already defined with the same name!
2023-03-29 09:45:33.793  WARN 9320 --- [Test worker] o.m.s.mapper.ClassPathMapperScanner      : Skipping MapperFactoryBean with name 'memberDAO' and 'kr.co.kmarket.dao.MemberDAO' mapperInterface. Bean already defined with the same name!
2023-03-29 09:45:33.793  WARN 9320 --- [Test worker] o.m.s.mapper.ClassPathMapperScanner      : Skipping MapperFactoryBean with name 'myPageDAO' and 'kr.co.kmarket.dao.MyPageDAO' mapperInterface. Bean already defined with the same name!
2023-03-29 09:45:33.793  WARN 9320 --- [Test worker] o.m.s.mapper.ClassPathMapperScanner      : Skipping MapperFactoryBean with name 'popupDAO' and 'kr.co.kmarket.dao.PopupDAO' mapperInterface. Bean already defined with the same name!
2023-03-29 09:45:33.793  WARN 9320 --- [Test worker] o.m.s.mapper.ClassPathMapperScanner      : Skipping MapperFactoryBean with name 'productDAO' and 'kr.co.kmarket.dao.ProductDAO' mapperInterface. Bean already defined with the same name!
2023-03-29 09:45:33.794  WARN 9320 --- [Test worker] o.m.s.mapper.ClassPathMapperScanner      : No MyBatis mapper was found in '[kr.co.kmarket.dao]' package. Please check your configuration.
2023-03-29 09:45:34.177  INFO 9320 --- [Test worker] o.hibernate.jpa.internal.util.LogHelper  : HHH000204: Processing PersistenceUnitInfo [name: default]
2023-03-29 09:45:34.223  INFO 9320 --- [Test worker] org.hibernate.Version                    : HHH000412: Hibernate ORM core version 5.6.14.Final
2023-03-29 09:45:34.356  INFO 9320 --- [Test worker] o.hibernate.annotations.common.Version   : HCANN000001: Hibernate Commons Annotations {5.1.2.Final}
2023-03-29 09:45:34.440  INFO 9320 --- [Test worker] com.zaxxer.hikari.HikariDataSource       : HikariPool-1 - Starting...
2023-03-29 09:45:34.660  INFO 9320 --- [Test worker] com.zaxxer.hikari.HikariDataSource       : HikariPool-1 - Start completed.
2023-03-29 09:45:34.671  INFO 9320 --- [Test worker] org.hibernate.dialect.Dialect            : HHH000400: Using dialect: org.hibernate.dialect.MySQL5InnoDBDialect
2023-03-29 09:45:35.368  INFO 9320 --- [Test worker] o.h.e.t.j.p.i.JtaPlatformInitiator       : HHH000490: Using JtaPlatform implementation: [org.hibernate.engine.transaction.jta.platform.internal.NoJtaPlatform]
2023-03-29 09:45:35.374  INFO 9320 --- [Test worker] j.LocalContainerEntityManagerFactoryBean : Initialized JPA EntityManagerFactory for persistence unit 'default'
2023-03-29 09:45:35.431  WARN 9320 --- [Test worker] JpaBaseConfiguration$JpaWebConfiguration : spring.jpa.open-in-view is enabled by default. Therefore, database queries may be performed during view rendering. Explicitly configure spring.jpa.open-in-view to disable this warning
2023-03-29 09:45:36.145  INFO 9320 --- [Test worker] o.s.s.web.DefaultSecurityFilterChain     : Will secure any request with [org.springframework.security.web.session.DisableEncodeUrlFilter@7e69bf78, org.springframework.security.web.context.request.async.WebAsyncManagerIntegrationFilter@24d097c8, org.springframework.security.web.context.SecurityContextPersistenceFilter@23909b3, org.springframework.security.web.header.HeaderWriterFilter@5089a72b, org.springframework.security.web.authentication.logout.LogoutFilter@477e5b69, org.springframework.security.web.authentication.UsernamePasswordAuthenticationFilter@4af50246, org.springframework.security.web.savedrequest.RequestCacheAwareFilter@7890fbf9, org.springframework.security.web.servletapi.SecurityContextHolderAwareRequestFilter@294a12b5, org.springframework.security.web.authentication.AnonymousAuthenticationFilter@2f69d246, org.springframework.security.web.session.SessionManagementFilter@29c76d75, org.springframework.security.web.access.ExceptionTranslationFilter@1b901f7b, org.springframework.security.web.access.intercept.FilterSecurityInterceptor@c3114ea]
2023-03-29 09:45:36.480  INFO 9320 --- [Test worker] o.s.b.a.w.s.WelcomePageHandlerMapping    : Adding welcome page template: index
2023-03-29 09:45:36.771  INFO 9320 --- [Test worker] k.c.k.KmarketSpringApplicationTests      : Started KmarketSpringApplicationTests in 3.857 seconds (JVM running for 4.654)
2023-03-29 09:45:36.928  INFO 9320 --- [SpringApplicationShutdownHook] j.LocalContainerEntityManagerFactoryBean : Closing JPA EntityManagerFactory for persistence unit 'default'
2023-03-29 09:45:36.930  INFO 9320 --- [SpringApplicationShutdownHook] com.zaxxer.hikari.HikariDataSource       : HikariPool-1 - Shutdown initiated...
2023-03-29 09:45:36.936  INFO 9320 --- [SpringApplicationShutdownHook] com.zaxxer.hikari.HikariDataSource       : HikariPool-1 - Shutdown completed.
2023-03-29 10:08:32.500  WARN 12176 --- [Test worker] ory$DuplicateJsonObjectContextCustomizer : 

Found multiple occurrences of org.json.JSONObject on the class path:

	jar:file:/C:/Users/java1/.gradle/caches/modules-2/files-2.1/org.json/json/20171018/36ced462c97f0845b4a7b266a25cebe95d18baa3/json-20171018.jar!/org/json/JSONObject.class
	jar:file:/C:/Users/java1/.gradle/caches/modules-2/files-2.1/com.vaadin.external.google/android-json/0.0.20131108.vaadin1/fa26d351fe62a6a17f5cda1287c1c6110dec413f/android-json-0.0.20131108.vaadin1.jar!/org/json/JSONObject.class

You may wish to exclude one of them to ensure predictable runtime behavior

2023-03-29 10:08:32.509  INFO 12176 --- [Test worker] k.c.k.KmarketSpringApplicationTests      : Starting KmarketSpringApplicationTests using Java 17.0.4 on DESKTOP-8N3GG4O with PID 12176 (started by java1 in C:\Users\java1\Desktop\KmarketSpring\KmarketSpring)
2023-03-29 10:08:32.509  INFO 12176 --- [Test worker] k.c.k.KmarketSpringApplicationTests      : No active profile set, falling back to 1 default profile: "default"
2023-03-29 10:08:33.049  INFO 12176 --- [Test worker] .s.d.r.c.RepositoryConfigurationDelegate : Bootstrapping Spring Data JPA repositories in DEFAULT mode.
2023-03-29 10:08:33.095  INFO 12176 --- [Test worker] .s.d.r.c.RepositoryConfigurationDelegate : Finished Spring Data repository scanning in 38 ms. Found 1 JPA repository interfaces.
2023-03-29 10:08:33.191  WARN 12176 --- [Test worker] o.m.s.mapper.ClassPathMapperScanner      : Skipping MapperFactoryBean with name 'adminDAO' and 'kr.co.kmarket.dao.AdminDAO' mapperInterface. Bean already defined with the same name!
2023-03-29 10:08:33.191  WARN 12176 --- [Test worker] o.m.s.mapper.ClassPathMapperScanner      : Skipping MapperFactoryBean with name 'csDAO' and 'kr.co.kmarket.dao.CsDAO' mapperInterface. Bean already defined with the same name!
2023-03-29 10:08:33.191  WARN 12176 --- [Test worker] o.m.s.mapper.ClassPathMapperScanner      : Skipping MapperFactoryBean with name 'memberDAO' and 'kr.co.kmarket.dao.MemberDAO' mapperInterface. Bean already defined with the same name!
2023-03-29 10:08:33.191  WARN 12176 --- [Test worker] o.m.s.mapper.ClassPathMapperScanner      : Skipping MapperFactoryBean with name 'myPageDAO' and 'kr.co.kmarket.dao.MyPageDAO' mapperInterface. Bean already defined with the same name!
2023-03-29 10:08:33.191  WARN 12176 --- [Test worker] o.m.s.mapper.ClassPathMapperScanner      : Skipping MapperFactoryBean with name 'popupDAO' and 'kr.co.kmarket.dao.PopupDAO' mapperInterface. Bean already defined with the same name!
2023-03-29 10:08:33.192  WARN 12176 --- [Test worker] o.m.s.mapper.ClassPathMapperScanner      : Skipping MapperFactoryBean with name 'productDAO' and 'kr.co.kmarket.dao.ProductDAO' mapperInterface. Bean already defined with the same name!
2023-03-29 10:08:33.192  WARN 12176 --- [Test worker] o.m.s.mapper.ClassPathMapperScanner      : No MyBatis mapper was found in '[kr.co.kmarket.dao]' package. Please check your configuration.
2023-03-29 10:08:33.193  WARN 12176 --- [Test worker] o.m.s.mapper.ClassPathMapperScanner      : Skipping MapperFactoryBean with name 'adminDAO' and 'kr.co.kmarket.dao.AdminDAO' mapperInterface. Bean already defined with the same name!
2023-03-29 10:08:33.193  WARN 12176 --- [Test worker] o.m.s.mapper.ClassPathMapperScanner      : Skipping MapperFactoryBean with name 'csDAO' and 'kr.co.kmarket.dao.CsDAO' mapperInterface. Bean already defined with the same name!
2023-03-29 10:08:33.193  WARN 12176 --- [Test worker] o.m.s.mapper.ClassPathMapperScanner      : Skipping MapperFactoryBean with name 'memberDAO' and 'kr.co.kmarket.dao.MemberDAO' mapperInterface. Bean already defined with the same name!
2023-03-29 10:08:33.194  WARN 12176 --- [Test worker] o.m.s.mapper.ClassPathMapperScanner      : Skipping MapperFactoryBean with name 'myPageDAO' and 'kr.co.kmarket.dao.MyPageDAO' mapperInterface. Bean already defined with the same name!
2023-03-29 10:08:33.194  WARN 12176 --- [Test worker] o.m.s.mapper.ClassPathMapperScanner      : Skipping MapperFactoryBean with name 'popupDAO' and 'kr.co.kmarket.dao.PopupDAO' mapperInterface. Bean already defined with the same name!
2023-03-29 10:08:33.194  WARN 12176 --- [Test worker] o.m.s.mapper.ClassPathMapperScanner      : Skipping MapperFactoryBean with name 'productDAO' and 'kr.co.kmarket.dao.ProductDAO' mapperInterface. Bean already defined with the same name!
2023-03-29 10:08:33.194  WARN 12176 --- [Test worker] o.m.s.mapper.ClassPathMapperScanner      : No MyBatis mapper was found in '[kr.co.kmarket.dao]' package. Please check your configuration.
2023-03-29 10:08:33.195  WARN 12176 --- [Test worker] o.m.s.mapper.ClassPathMapperScanner      : Skipping MapperFactoryBean with name 'adminDAO' and 'kr.co.kmarket.dao.AdminDAO' mapperInterface. Bean already defined with the same name!
2023-03-29 10:08:33.195  WARN 12176 --- [Test worker] o.m.s.mapper.ClassPathMapperScanner      : Skipping MapperFactoryBean with name 'csDAO' and 'kr.co.kmarket.dao.CsDAO' mapperInterface. Bean already defined with the same name!
2023-03-29 10:08:33.196  WARN 12176 --- [Test worker] o.m.s.mapper.ClassPathMapperScanner      : Skipping MapperFactoryBean with name 'memberDAO' and 'kr.co.kmarket.dao.MemberDAO' mapperInterface. Bean already defined with the same name!
2023-03-29 10:08:33.196  WARN 12176 --- [Test worker] o.m.s.mapper.ClassPathMapperScanner      : Skipping MapperFactoryBean with name 'myPageDAO' and 'kr.co.kmarket.dao.MyPageDAO' mapperInterface. Bean already defined with the same name!
2023-03-29 10:08:33.196  WARN 12176 --- [Test worker] o.m.s.mapper.ClassPathMapperScanner      : Skipping MapperFactoryBean with name 'popupDAO' and 'kr.co.kmarket.dao.PopupDAO' mapperInterface. Bean already defined with the same name!
2023-03-29 10:08:33.196  WARN 12176 --- [Test worker] o.m.s.mapper.ClassPathMapperScanner      : Skipping MapperFactoryBean with name 'productDAO' and 'kr.co.kmarket.dao.ProductDAO' mapperInterface. Bean already defined with the same name!
2023-03-29 10:08:33.196  WARN 12176 --- [Test worker] o.m.s.mapper.ClassPathMapperScanner      : No MyBatis mapper was found in '[kr.co.kmarket.dao]' package. Please check your configuration.
2023-03-29 10:08:33.574  INFO 12176 --- [Test worker] o.hibernate.jpa.internal.util.LogHelper  : HHH000204: Processing PersistenceUnitInfo [name: default]
2023-03-29 10:08:33.617  INFO 12176 --- [Test worker] org.hibernate.Version                    : HHH000412: Hibernate ORM core version 5.6.14.Final
2023-03-29 10:08:33.748  INFO 12176 --- [Test worker] o.hibernate.annotations.common.Version   : HCANN000001: Hibernate Commons Annotations {5.1.2.Final}
2023-03-29 10:08:33.827  INFO 12176 --- [Test worker] com.zaxxer.hikari.HikariDataSource       : HikariPool-1 - Starting...
2023-03-29 10:08:34.035  INFO 12176 --- [Test worker] com.zaxxer.hikari.HikariDataSource       : HikariPool-1 - Start completed.
2023-03-29 10:08:34.047  INFO 12176 --- [Test worker] org.hibernate.dialect.Dialect            : HHH000400: Using dialect: org.hibernate.dialect.MySQL5InnoDBDialect
2023-03-29 10:08:34.692  INFO 12176 --- [Test worker] o.h.e.t.j.p.i.JtaPlatformInitiator       : HHH000490: Using JtaPlatform implementation: [org.hibernate.engine.transaction.jta.platform.internal.NoJtaPlatform]
2023-03-29 10:08:34.698  INFO 12176 --- [Test worker] j.LocalContainerEntityManagerFactoryBean : Initialized JPA EntityManagerFactory for persistence unit 'default'
2023-03-29 10:08:34.754  WARN 12176 --- [Test worker] JpaBaseConfiguration$JpaWebConfiguration : spring.jpa.open-in-view is enabled by default. Therefore, database queries may be performed during view rendering. Explicitly configure spring.jpa.open-in-view to disable this warning
2023-03-29 10:08:35.473  INFO 12176 --- [Test worker] o.s.s.web.DefaultSecurityFilterChain     : Will secure any request with [org.springframework.security.web.session.DisableEncodeUrlFilter@6eae3730, org.springframework.security.web.context.request.async.WebAsyncManagerIntegrationFilter@42095996, org.springframework.security.web.context.SecurityContextPersistenceFilter@530e08a7, org.springframework.security.web.header.HeaderWriterFilter@14980819, org.springframework.security.web.authentication.logout.LogoutFilter@7e764e5c, org.springframework.security.web.authentication.UsernamePasswordAuthenticationFilter@f348e10, org.springframework.security.web.savedrequest.RequestCacheAwareFilter@3da30ce5, org.springframework.security.web.servletapi.SecurityContextHolderAwareRequestFilter@28d97205, org.springframework.security.web.authentication.AnonymousAuthenticationFilter@3b3a3a92, org.springframework.security.web.session.SessionManagementFilter@628aea61, org.springframework.security.web.access.ExceptionTranslationFilter@7c0035dd, org.springframework.security.web.access.intercept.FilterSecurityInterceptor@2e03bb74]
2023-03-29 10:08:35.831  INFO 12176 --- [Test worker] o.s.b.a.w.s.WelcomePageHandlerMapping    : Adding welcome page template: index
2023-03-29 10:08:36.162  INFO 12176 --- [Test worker] k.c.k.KmarketSpringApplicationTests      : Started KmarketSpringApplicationTests in 3.878 seconds (JVM running for 4.746)
2023-03-29 10:08:36.333  INFO 12176 --- [SpringApplicationShutdownHook] j.LocalContainerEntityManagerFactoryBean : Closing JPA EntityManagerFactory for persistence unit 'default'
2023-03-29 10:08:36.335  INFO 12176 --- [SpringApplicationShutdownHook] com.zaxxer.hikari.HikariDataSource       : HikariPool-1 - Shutdown initiated...
2023-03-29 10:08:36.341  INFO 12176 --- [SpringApplicationShutdownHook] com.zaxxer.hikari.HikariDataSource       : HikariPool-1 - Shutdown completed.
2023-03-29 10:17:28.800  WARN 6264 --- [Test worker] ory$DuplicateJsonObjectContextCustomizer : 

Found multiple occurrences of org.json.JSONObject on the class path:

	jar:file:/C:/Users/java1/.gradle/caches/modules-2/files-2.1/org.json/json/20171018/36ced462c97f0845b4a7b266a25cebe95d18baa3/json-20171018.jar!/org/json/JSONObject.class
	jar:file:/C:/Users/java1/.gradle/caches/modules-2/files-2.1/com.vaadin.external.google/android-json/0.0.20131108.vaadin1/fa26d351fe62a6a17f5cda1287c1c6110dec413f/android-json-0.0.20131108.vaadin1.jar!/org/json/JSONObject.class

You may wish to exclude one of them to ensure predictable runtime behavior

2023-03-29 10:17:28.810  INFO 6264 --- [Test worker] k.c.k.KmarketSpringApplicationTests      : Starting KmarketSpringApplicationTests using Java 17.0.4 on DESKTOP-8N3GG4O with PID 6264 (started by java1 in C:\Users\java1\Desktop\KmarketSpring\KmarketSpring)
2023-03-29 10:17:28.811  INFO 6264 --- [Test worker] k.c.k.KmarketSpringApplicationTests      : No active profile set, falling back to 1 default profile: "default"
2023-03-29 10:17:29.317  INFO 6264 --- [Test worker] .s.d.r.c.RepositoryConfigurationDelegate : Bootstrapping Spring Data JPA repositories in DEFAULT mode.
2023-03-29 10:17:29.371  INFO 6264 --- [Test worker] .s.d.r.c.RepositoryConfigurationDelegate : Finished Spring Data repository scanning in 46 ms. Found 1 JPA repository interfaces.
2023-03-29 10:17:29.467  WARN 6264 --- [Test worker] o.m.s.mapper.ClassPathMapperScanner      : Skipping MapperFactoryBean with name 'adminDAO' and 'kr.co.kmarket.dao.AdminDAO' mapperInterface. Bean already defined with the same name!
2023-03-29 10:17:29.467  WARN 6264 --- [Test worker] o.m.s.mapper.ClassPathMapperScanner      : Skipping MapperFactoryBean with name 'csDAO' and 'kr.co.kmarket.dao.CsDAO' mapperInterface. Bean already defined with the same name!
2023-03-29 10:17:29.468  WARN 6264 --- [Test worker] o.m.s.mapper.ClassPathMapperScanner      : Skipping MapperFactoryBean with name 'memberDAO' and 'kr.co.kmarket.dao.MemberDAO' mapperInterface. Bean already defined with the same name!
2023-03-29 10:17:29.468  WARN 6264 --- [Test worker] o.m.s.mapper.ClassPathMapperScanner      : Skipping MapperFactoryBean with name 'myPageDAO' and 'kr.co.kmarket.dao.MyPageDAO' mapperInterface. Bean already defined with the same name!
2023-03-29 10:17:29.468  WARN 6264 --- [Test worker] o.m.s.mapper.ClassPathMapperScanner      : Skipping MapperFactoryBean with name 'popupDAO' and 'kr.co.kmarket.dao.PopupDAO' mapperInterface. Bean already defined with the same name!
2023-03-29 10:17:29.468  WARN 6264 --- [Test worker] o.m.s.mapper.ClassPathMapperScanner      : Skipping MapperFactoryBean with name 'productDAO' and 'kr.co.kmarket.dao.ProductDAO' mapperInterface. Bean already defined with the same name!
2023-03-29 10:17:29.468  WARN 6264 --- [Test worker] o.m.s.mapper.ClassPathMapperScanner      : No MyBatis mapper was found in '[kr.co.kmarket.dao]' package. Please check your configuration.
2023-03-29 10:17:29.470  WARN 6264 --- [Test worker] o.m.s.mapper.ClassPathMapperScanner      : Skipping MapperFactoryBean with name 'adminDAO' and 'kr.co.kmarket.dao.AdminDAO' mapperInterface. Bean already defined with the same name!
2023-03-29 10:17:29.470  WARN 6264 --- [Test worker] o.m.s.mapper.ClassPathMapperScanner      : Skipping MapperFactoryBean with name 'csDAO' and 'kr.co.kmarket.dao.CsDAO' mapperInterface. Bean already defined with the same name!
2023-03-29 10:17:29.470  WARN 6264 --- [Test worker] o.m.s.mapper.ClassPathMapperScanner      : Skipping MapperFactoryBean with name 'memberDAO' and 'kr.co.kmarket.dao.MemberDAO' mapperInterface. Bean already defined with the same name!
2023-03-29 10:17:29.470  WARN 6264 --- [Test worker] o.m.s.mapper.ClassPathMapperScanner      : Skipping MapperFactoryBean with name 'myPageDAO' and 'kr.co.kmarket.dao.MyPageDAO' mapperInterface. Bean already defined with the same name!
2023-03-29 10:17:29.470  WARN 6264 --- [Test worker] o.m.s.mapper.ClassPathMapperScanner      : Skipping MapperFactoryBean with name 'popupDAO' and 'kr.co.kmarket.dao.PopupDAO' mapperInterface. Bean already defined with the same name!
2023-03-29 10:17:29.470  WARN 6264 --- [Test worker] o.m.s.mapper.ClassPathMapperScanner      : Skipping MapperFactoryBean with name 'productDAO' and 'kr.co.kmarket.dao.ProductDAO' mapperInterface. Bean already defined with the same name!
2023-03-29 10:17:29.470  WARN 6264 --- [Test worker] o.m.s.mapper.ClassPathMapperScanner      : No MyBatis mapper was found in '[kr.co.kmarket.dao]' package. Please check your configuration.
2023-03-29 10:17:29.472  WARN 6264 --- [Test worker] o.m.s.mapper.ClassPathMapperScanner      : Skipping MapperFactoryBean with name 'adminDAO' and 'kr.co.kmarket.dao.AdminDAO' mapperInterface. Bean already defined with the same name!
2023-03-29 10:17:29.472  WARN 6264 --- [Test worker] o.m.s.mapper.ClassPathMapperScanner      : Skipping MapperFactoryBean with name 'csDAO' and 'kr.co.kmarket.dao.CsDAO' mapperInterface. Bean already defined with the same name!
2023-03-29 10:17:29.472  WARN 6264 --- [Test worker] o.m.s.mapper.ClassPathMapperScanner      : Skipping MapperFactoryBean with name 'memberDAO' and 'kr.co.kmarket.dao.MemberDAO' mapperInterface. Bean already defined with the same name!
2023-03-29 10:17:29.472  WARN 6264 --- [Test worker] o.m.s.mapper.ClassPathMapperScanner      : Skipping MapperFactoryBean with name 'myPageDAO' and 'kr.co.kmarket.dao.MyPageDAO' mapperInterface. Bean already defined with the same name!
2023-03-29 10:17:29.472  WARN 6264 --- [Test worker] o.m.s.mapper.ClassPathMapperScanner      : Skipping MapperFactoryBean with name 'popupDAO' and 'kr.co.kmarket.dao.PopupDAO' mapperInterface. Bean already defined with the same name!
2023-03-29 10:17:29.472  WARN 6264 --- [Test worker] o.m.s.mapper.ClassPathMapperScanner      : Skipping MapperFactoryBean with name 'productDAO' and 'kr.co.kmarket.dao.ProductDAO' mapperInterface. Bean already defined with the same name!
2023-03-29 10:17:29.472  WARN 6264 --- [Test worker] o.m.s.mapper.ClassPathMapperScanner      : No MyBatis mapper was found in '[kr.co.kmarket.dao]' package. Please check your configuration.
2023-03-29 10:17:29.839  INFO 6264 --- [Test worker] o.hibernate.jpa.internal.util.LogHelper  : HHH000204: Processing PersistenceUnitInfo [name: default]
2023-03-29 10:17:29.881  INFO 6264 --- [Test worker] org.hibernate.Version                    : HHH000412: Hibernate ORM core version 5.6.14.Final
2023-03-29 10:17:30.020  INFO 6264 --- [Test worker] o.hibernate.annotations.common.Version   : HCANN000001: Hibernate Commons Annotations {5.1.2.Final}
2023-03-29 10:17:30.100  INFO 6264 --- [Test worker] com.zaxxer.hikari.HikariDataSource       : HikariPool-1 - Starting...
2023-03-29 10:17:30.321  INFO 6264 --- [Test worker] com.zaxxer.hikari.HikariDataSource       : HikariPool-1 - Start completed.
2023-03-29 10:17:30.334  INFO 6264 --- [Test worker] org.hibernate.dialect.Dialect            : HHH000400: Using dialect: org.hibernate.dialect.MySQL5InnoDBDialect
2023-03-29 10:17:31.003  INFO 6264 --- [Test worker] o.h.e.t.j.p.i.JtaPlatformInitiator       : HHH000490: Using JtaPlatform implementation: [org.hibernate.engine.transaction.jta.platform.internal.NoJtaPlatform]
2023-03-29 10:17:31.010  INFO 6264 --- [Test worker] j.LocalContainerEntityManagerFactoryBean : Initialized JPA EntityManagerFactory for persistence unit 'default'
2023-03-29 10:17:31.069  WARN 6264 --- [Test worker] JpaBaseConfiguration$JpaWebConfiguration : spring.jpa.open-in-view is enabled by default. Therefore, database queries may be performed during view rendering. Explicitly configure spring.jpa.open-in-view to disable this warning
2023-03-29 10:17:31.756  INFO 6264 --- [Test worker] o.s.s.web.DefaultSecurityFilterChain     : Will secure any request with [org.springframework.security.web.session.DisableEncodeUrlFilter@68dc2f53, org.springframework.security.web.context.request.async.WebAsyncManagerIntegrationFilter@48928b57, org.springframework.security.web.context.SecurityContextPersistenceFilter@32ae11c9, org.springframework.security.web.header.HeaderWriterFilter@346a2799, org.springframework.security.web.authentication.logout.LogoutFilter@5507584d, org.springframework.security.web.authentication.UsernamePasswordAuthenticationFilter@2aa65672, org.springframework.security.web.savedrequest.RequestCacheAwareFilter@6b286640, org.springframework.security.web.servletapi.SecurityContextHolderAwareRequestFilter@6792f2c6, org.springframework.security.web.authentication.AnonymousAuthenticationFilter@29088be1, org.springframework.security.web.session.SessionManagementFilter@670aac24, org.springframework.security.web.access.ExceptionTranslationFilter@400d1c30, org.springframework.security.web.access.intercept.FilterSecurityInterceptor@4dd425dc]
2023-03-29 10:17:32.101  INFO 6264 --- [Test worker] o.s.b.a.w.s.WelcomePageHandlerMapping    : Adding welcome page template: index
2023-03-29 10:17:32.378  INFO 6264 --- [Test worker] k.c.k.KmarketSpringApplicationTests      : Started KmarketSpringApplicationTests in 3.789 seconds (JVM running for 4.599)
2023-03-29 10:17:32.535  INFO 6264 --- [SpringApplicationShutdownHook] j.LocalContainerEntityManagerFactoryBean : Closing JPA EntityManagerFactory for persistence unit 'default'
2023-03-29 10:17:32.536  INFO 6264 --- [SpringApplicationShutdownHook] com.zaxxer.hikari.HikariDataSource       : HikariPool-1 - Shutdown initiated...
2023-03-29 10:17:32.542  INFO 6264 --- [SpringApplicationShutdownHook] com.zaxxer.hikari.HikariDataSource       : HikariPool-1 - Shutdown completed.
